ABB: ROE anomaly | computed=22.41, source=34.9
ABB: ROE anomaly | computed=25.13, source=34.9
ABB: ROCE anomaly | computed=51.69, source=46.0
ABB: ROE anomaly | computed=25.13, source=34.9
ABB: ROCE anomaly | computed=51.69, source=46.0
ABB: ROE anomaly | computed=24.44, source=34.9
ABB: ROE anomaly | computed=24.44, source=34.9
ABB: ROE anomaly | computed=21.34, source=34.9
ABB: ROE anomaly | computed=21.34, source=34.9
ABB: ROE anomaly | computed=19.97, source=34.9
ABB: ROCE anomaly | computed=38.52, source=46.0
ABB: ROE anomaly | computed=19.97, source=34.9
ABB: ROCE anomaly | computed=38.52, source=46.0
ABB: ROE anomaly | computed=23.69, source=34.9
ABB: ROCE anomaly | computed=39.57, source=46.0
ABB: ROE anomaly | computed=23.69, source=34.9
ABB: ROCE anomaly | computed=39.57, source=46.0
ABB: ROE anomaly | computed=22.41, source=34.9
ABB: ROCE anomaly | computed=36.97, source=46.0
ABB: ROE anomaly | computed=22.41, source=34.9
ABB: ROCE anomaly | computed=36.97, source=46.0
ABB: ROE anomaly | computed=24.39, source=34.9
ABB: ROCE anomaly | computed=36.24, source=46.0
ABB: ROE anomaly | computed=24.39, source=34.9
ABB: ROCE anomaly | computed=36.24, source=46.0
ABB: ROE anomaly | computed=26.56, source=34.9
ABB: ROCE anomaly | computed=37.09, source=46.0
ABB: ROE anomaly | computed=26.56, source=34.9
ABB: ROCE anomaly | computed=37.09, source=46.0
ABB: ROE anomaly | computed=28.33, source=34.9
ABB: ROCE anomaly | computed=38.68, source=46.0
ABB: ROE anomaly | computed=28.33, source=34.9
ABB: ROCE anomaly | computed=38.68, source=46.0
ABB: ROE anomaly | computed=29.77, source=34.9
ABB: ROCE anomaly | computed=39.54, source=46.0
ABB: ROE anomaly | computed=29.77, source=34.9
ABB: ROCE anomaly | computed=39.54, source=46.0
ABB: ROCE anomaly | computed=40.10, source=46.0
ABB: ROCE anomaly | computed=40.10, source=46.0
ADANIENSOL: ROE anomaly | computed=0.00, source=8.59
ADANIENSOL: ROCE anomaly | computed=0.00, source=9.0
ADANIENSOL: ROE anomaly | computed=-0.65, source=8.59
ADANIENSOL: ROCE anomaly | computed=19.28, source=9.0
ADANIENSOL: ROE anomaly | computed=13.77, source=8.59
ADANIENSOL: ROCE anomaly | computed=30.51, source=9.0
ADANIENSOL: ROE anomaly | computed=14.12, source=8.59
ADANIENSOL: ROCE anomaly | computed=26.67, source=9.0
ADANIENSOL: ROE anomaly | computed=18.87, source=8.59
ADANIENSOL: ROCE anomaly | computed=29.09, source=9.0
ADANIENSOL: ROCE anomaly | computed=16.43, source=9.0
ADANIENSOL: ROCE anomaly | computed=17.98, source=9.0
ADANIENSOL: ROE anomaly | computed=14.46, source=8.59
ADANIENSOL: ROCE anomaly | computed=19.60, source=9.0
ADANIENSOL: ROCE anomaly | computed=18.45, source=9.0
ADANIENSOL: ROCE anomaly | computed=17.24, source=9.0
ADANIENSOL: ROCE anomaly | computed=17.58, source=9.0
ADANIENT: ROE anomaly | computed=5.69, source=13.64
ADANIENT: ROCE anomaly | computed=17.47, source=11.6
ADANIENT: ROCE anomaly | computed=17.82, source=11.6
ADANIENT: ROE anomaly | computed=7.47, source=13.64
ADANIENT: ROCE anomaly | computed=20.17, source=11.6
ADANIENT: ROE anomaly | computed=6.54, source=13.64
ADANIENT: ROCE anomaly | computed=18.94, source=11.6
ADANIENT: ROE anomaly | computed=3.94, source=13.64
ADANIENT: ROE anomaly | computed=3.43, source=13.64
ADANIENT: ROCE anomaly | computed=21.41, source=11.6
ADANIENT: ROE anomaly | computed=6.14, source=13.64
ADANIENT: ROCE anomaly | computed=21.99, source=11.6
ADANIENT: ROE anomaly | computed=6.10, source=13.64
ADANIENT: ROCE anomaly | computed=19.04, source=11.6
ADANIENT: ROE anomaly | computed=3.54, source=13.64
ADANIENT: ROE anomaly | computed=7.33, source=13.64
ADANIENT: ROCE anomaly | computed=22.35, source=11.6
ADANIENT: ROE anomaly | computed=8.53, source=13.64
ADANIENT: ROCE anomaly | computed=17.95, source=11.6
ADANIGREEN: ROE anomaly | computed=-3.91, source=14.7
ADANIGREEN: ROCE anomaly | computed=20.33, source=96.5
ADANIGREEN: ROE anomaly | computed=-10.29, source=14.7
ADANIGREEN: ROCE anomaly | computed=12.52, source=96.5
ADANIGREEN: ROE anomaly | computed=-24.57, source=14.7
ADANIGREEN: ROCE anomaly | computed=12.74, source=96.5
ADANIGREEN: ROE anomaly | computed=-2.89, source=14.7
ADANIGREEN: ROCE anomaly | computed=15.98, source=96.5
ADANIGREEN: ROE anomaly | computed=8.27, source=14.7
ADANIGREEN: ROCE anomaly | computed=23.01, source=96.5
ADANIGREEN: ROCE anomaly | computed=25.39, source=96.5
ADANIGREEN: ROCE anomaly | computed=22.97, source=96.5
ADANIGREEN: ROCE anomaly | computed=26.42, source=96.5
ADANIPORTS: ROE anomaly | computed=25.63, source=18.1
ADANIPORTS: ROCE anomaly | computed=29.02, source=12.9
ADANIPORTS: ROCE anomaly | computed=25.98, source=12.9
ADANIPORTS: ROCE anomaly | computed=27.25, source=12.9
ADANIPORTS: ROCE anomaly | computed=27.20, source=12.9
ADANIPORTS: ROCE anomaly | computed=27.73, source=12.9
ADANIPORTS: ROCE anomaly | computed=26.77, source=12.9
ADANIPORTS: ROCE anomaly | computed=24.78, source=12.9
ADANIPORTS: ROCE anomaly | computed=21.56, source=12.9
ADANIPORTS: ROCE anomaly | computed=26.48, source=12.9
ADANIPORTS: ROE anomaly | computed=11.84, source=18.1
ADANIPORTS: ROCE anomaly | computed=21.54, source=12.9
ADANIPORTS: ROE anomaly | computed=11.88, source=18.1
ADANIPORTS: ROCE anomaly | computed=20.99, source=12.9
ADANIPORTS: ROCE anomaly | computed=24.53, source=12.9
ADANIPORTS: ROE anomaly | computed=25.63, source=18.1
ADANIPORTS: ROCE anomaly | computed=29.02, source=12.9
ADANIPORTS: ROCE anomaly | computed=25.98, source=12.9
ADANIPORTS: ROCE anomaly | computed=27.25, source=12.9
ADANIPORTS: ROCE anomaly | computed=27.20, source=12.9
ADANIPORTS: ROCE anomaly | computed=27.73, source=12.9
ADANIPORTS: ROCE anomaly | computed=26.77, source=12.9
ADANIPORTS: ROCE anomaly | computed=24.78, source=12.9
ADANIPORTS: ROCE anomaly | computed=21.56, source=12.9
ADANIPORTS: ROCE anomaly | computed=26.48, source=12.9
ADANIPORTS: ROE anomaly | computed=11.84, source=18.1
ADANIPORTS: ROCE anomaly | computed=21.54, source=12.9
ADANIPORTS: ROE anomaly | computed=11.88, source=18.1
ADANIPORTS: ROCE anomaly | computed=20.99, source=12.9
ADANIPORTS: ROCE anomaly | computed=24.53, source=12.9
ADANIPOWER: ROE anomaly | computed=-53.46, source=57.1
ADANIPOWER: ROCE anomaly | computed=-12.68, source=32.2
ADANIPOWER: ROE anomaly | computed=-4.45, source=57.1
ADANIPOWER: ROCE anomaly | computed=11.15, source=32.2
ADANIPOWER: ROE anomaly | computed=-14.25, source=57.1
ADANIPOWER: ROCE anomaly | computed=7.66, source=32.2
ADANIPOWER: ROE anomaly | computed=7.38, source=57.1
ADANIPOWER: ROCE anomaly | computed=17.95, source=32.2
ADANIPOWER: ROE anomaly | computed=-205.80, source=57.1
ADANIPOWER: ROCE anomaly | computed=-59.09, source=32.2
ADANIPOWER: ROE anomaly | computed=-236.56, source=57.1
ADANIPOWER: ROCE anomaly | computed=-70.26, source=32.2
ADANIPOWER: ROE anomaly | computed=-12.76, source=57.1
ADANIPOWER: ROCE anomaly | computed=7.78, source=32.2
ADANIPOWER: ROE anomaly | computed=-35.10, source=57.1
ADANIPOWER: ROCE anomaly | computed=0.19, source=32.2
ADANIPOWER: ROE anomaly | computed=9.69, source=57.1
ADANIPOWER: ROCE anomaly | computed=18.33, source=32.2
ADANIPOWER: ROE anomaly | computed=26.61, source=57.1
ADANIPOWER: ROCE anomaly | computed=24.99, source=32.2
ADANIPOWER: ROE anomaly | computed=35.91, source=57.1
ADANIPOWER: ROE anomaly | computed=48.28, source=57.1
AMBUJACEM: ROE anomaly | computed=14.69, source=9.24
AMBUJACEM: ROCE anomaly | computed=27.28, source=12.8
AMBUJACEM: ROCE anomaly | computed=23.42, source=12.8
AMBUJACEM: ROE anomaly | computed=14.77, source=9.24
AMBUJACEM: ROCE anomaly | computed=24.37, source=12.8
AMBUJACEM: ROCE anomaly | computed=20.19, source=12.8
AMBUJACEM: ROCE anomaly | computed=18.73, source=12.8
AMBUJACEM: ROCE anomaly | computed=20.68, source=12.8
AMBUJACEM: ROCE anomaly | computed=22.43, source=12.8
AMBUJACEM: ROCE anomaly | computed=21.78, source=12.8
AMBUJACEM: ROCE anomaly | computed=22.23, source=12.8
AMBUJACEM: ROE anomaly | computed=14.64, source=9.24
AMBUJACEM: ROCE anomaly | computed=23.30, source=12.8
AMBUJACEM: ROCE anomaly | computed=18.99, source=12.8
APOLLOHOSP: ROCE anomaly | computed=23.58, source=17.2
APOLLOHOSP: ROCE anomaly | computed=23.87, source=17.2
APOLLOHOSP: ROCE anomaly | computed=23.17, source=17.2
APOLLOHOSP: ROE anomaly | computed=7.05, source=13.81
APOLLOHOSP: ROE anomaly | computed=3.95, source=13.81
APOLLOHOSP: ROE anomaly | computed=1.85, source=13.81
APOLLOHOSP: ROCE anomaly | computed=22.25, source=17.2
APOLLOHOSP: ROE anomaly | computed=6.00, source=13.81
APOLLOHOSP: ROCE anomaly | computed=25.87, source=17.2
APOLLOHOSP: ROCE anomaly | computed=27.99, source=17.2
APOLLOHOSP: ROE anomaly | computed=2.98, source=13.81
APOLLOHOSP: ROCE anomaly | computed=22.28, source=17.2
APOLLOHOSP: ROE anomaly | computed=19.70, source=13.81
APOLLOHOSP: ROCE anomaly | computed=32.74, source=17.2
APOLLOHOSP: ROCE anomaly | computed=30.92, source=17.2
APOLLOHOSP: ROCE anomaly | computed=30.63, source=17.2
ASIANPAINT: ROCE anomaly | computed=47.10, source=41.75
ASIANPAINT: ROCE anomaly | computed=47.10, source=41.75
ASIANPAINT: ROE anomaly | computed=24.95, source=31.45
ASIANPAINT: ROE anomaly | computed=24.95, source=31.45
ASIANPAINT: ROE anomaly | computed=23.31, source=31.45
ASIANPAINT: ROCE anomaly | computed=36.73, source=41.75
ASIANPAINT: ROE anomaly | computed=23.31, source=31.45
ASIANPAINT: ROCE anomaly | computed=36.73, source=41.75
ASIANPAINT: ROE anomaly | computed=25.04, source=31.45
ASIANPAINT: ROCE anomaly | computed=35.69, source=41.75
ASIANPAINT: ROE anomaly | computed=25.04, source=31.45
ASIANPAINT: ROCE anomaly | computed=35.69, source=41.75
ASIANPAINT: ROE anomaly | computed=22.34, source=31.45
ASIANPAINT: ROE anomaly | computed=22.34, source=31.45
ASIANPAINT: ROE anomaly | computed=26.23, source=31.45
ASIANPAINT: ROE anomaly | computed=26.23, source=31.45
BAJAJ-AUTO: ROE anomaly | computed=38.85, source=26.5
BAJAJ-AUTO: ROCE anomaly | computed=49.84, source=33.5
BAJAJ-AUTO: ROE anomaly | computed=38.85, source=26.5
BAJAJ-AUTO: ROCE anomaly | computed=49.84, source=33.5
BAJAJ-AUTO: ROE anomaly | computed=33.24, source=26.5
BAJAJ-AUTO: ROCE anomaly | computed=43.11, source=33.5
BAJAJ-AUTO: ROE anomaly | computed=33.24, source=26.5
BAJAJ-AUTO: ROCE anomaly | computed=43.11, source=33.5
BAJAJ-AUTO: ROCE anomaly | computed=41.38, source=33.5
BAJAJ-AUTO: ROCE anomaly | computed=41.38, source=33.5
BAJAJ-AUTO: ROCE anomaly | computed=41.63, source=33.5
BAJAJ-AUTO: ROCE anomaly | computed=41.63, source=33.5
BAJAJ-AUTO: ROE anomaly | computed=20.66, source=26.5
BAJAJ-AUTO: ROE anomaly | computed=20.66, source=26.5
BAJAJ-AUTO: ROE anomaly | computed=21.21, source=26.5
BAJAJ-AUTO: ROE anomaly | computed=21.21, source=26.5
BAJAJ-AUTO: ROE anomaly | computed=17.81, source=26.5
BAJAJ-AUTO: ROCE anomaly | computed=27.19, source=33.5
BAJAJ-AUTO: ROE anomaly | computed=17.81, source=26.5
BAJAJ-AUTO: ROCE anomaly | computed=27.19, source=33.5
BAJAJ-AUTO: ROE anomaly | computed=20.65, source=26.5
BAJAJ-AUTO: ROE anomaly | computed=20.65, source=26.5
BAJAJ-AUTO: ROE anomaly | computed=20.64, source=26.5
BAJAJ-AUTO: ROE anomaly | computed=20.64, source=26.5
AXISBANK: High D/E suppressed (Financial sector)
AXISBANK: ROCE anomaly | computed=14.71, source=7.06
AXISBANK: High D/E suppressed (Financial sector)
AXISBANK: ROCE anomaly | computed=15.12, source=7.06
AXISBANK: High D/E suppressed (Financial sector)
AXISBANK: ROCE anomaly | computed=15.09, source=7.06
AXISBANK: High D/E suppressed (Financial sector)
AXISBANK: ROCE anomaly | computed=15.03, source=7.06
AXISBANK: High D/E suppressed (Financial sector)
AXISBANK: ROE anomaly | computed=6.53, source=18.4
AXISBANK: ROCE anomaly | computed=17.10, source=7.06
AXISBANK: High D/E suppressed (Financial sector)
AXISBANK: ROE anomaly | computed=0.43, source=18.4
AXISBANK: ROCE anomaly | computed=17.23, source=7.06
AXISBANK: High D/E suppressed (Financial sector)
AXISBANK: ROE anomaly | computed=6.90, source=18.4
AXISBANK: ROCE anomaly | computed=16.11, source=7.06
AXISBANK: High D/E suppressed (Financial sector)
AXISBANK: ROE anomaly | computed=1.88, source=18.4
AXISBANK: ROCE anomaly | computed=16.01, source=7.06
AXISBANK: High D/E suppressed (Financial sector)
AXISBANK: ROE anomaly | computed=6.36, source=18.4
AXISBANK: ROCE anomaly | computed=16.02, source=7.06
AXISBANK: High D/E suppressed (Financial sector)
AXISBANK: ROE anomaly | computed=11.01, source=18.4
AXISBANK: ROCE anomaly | computed=16.10, source=7.06
AXISBANK: High D/E suppressed (Financial sector)
AXISBANK: ROE anomaly | computed=7.38, source=18.4
AXISBANK: ROCE anomaly | computed=12.39, source=7.06
AXISBANK: High D/E suppressed (Financial sector)
AXISBANK: ROCE anomaly | computed=15.66, source=7.06
BAJAJFINSV: ROE anomaly | computed=28.38, source=11.72
BAJAJFINSV: ROE anomaly | computed=23.53, source=11.72
BAJAJFINSV: ROCE anomaly | computed=28.50, source=21.14
BAJAJFINSV: ROE anomaly | computed=21.72, source=11.72
BAJAJFINSV: ROE anomaly | computed=20.41, source=11.72
BAJAJFINSV: ROE anomaly | computed=21.36, source=11.72
BAJAJFINSV: ROE anomaly | computed=20.39, source=11.72
BAJAJFINSV: ROE anomaly | computed=22.64, source=11.72
BAJAJFINSV: ROE anomaly | computed=19.15, source=11.72
BAJAJFINSV: ROE anomaly | computed=20.56, source=11.72
BAJAJFINSV: ROE anomaly | computed=20.66, source=11.72
BAJAJFINSV: ROE anomaly | computed=26.31, source=11.72
BAJAJFINSV: ROE anomaly | computed=25.85, source=11.72
BAJAJHLDNG: ROCE anomaly | computed=30.79, source=13.1
BAJAJHLDNG: ROCE anomaly | computed=30.12, source=13.1
BAJAJHLDNG: ROCE anomaly | computed=29.15, source=13.1
BAJAJHLDNG: ROCE anomaly | computed=28.61, source=13.1
BAJAJHLDNG: ROCE anomaly | computed=24.45, source=13.1
BAJAJHLDNG: ROCE anomaly | computed=25.15, source=13.1
BAJAJHLDNG: ROCE anomaly | computed=24.40, source=13.1
BAJAJHLDNG: ROCE anomaly | computed=21.45, source=13.1
BAJAJHLDNG: ROCE anomaly | computed=22.90, source=13.1
BAJAJHLDNG: ROE anomaly | computed=9.63, source=14.8
BAJAJHLDNG: ROCE anomaly | computed=22.51, source=13.1
BAJAJHLDNG: ROCE anomaly | computed=22.31, source=13.1
BAJAJHLDNG: ROCE anomaly | computed=28.22, source=13.1
BAJFINANCE: High D/E suppressed (Financial sector)
BAJFINANCE: ROCE anomaly | computed=17.96, source=11.9
BAJFINANCE: ROCE anomaly | computed=17.20, source=11.9
BAJFINANCE: High D/E suppressed (Financial sector)
BAJFINANCE: ROCE anomaly | computed=17.97, source=11.9
BAJFINANCE: ROE anomaly | computed=15.75, source=22.1
BAJFINANCE: High D/E suppressed (Financial sector)
BAJFINANCE: ROCE anomaly | computed=17.45, source=11.9
BAJFINANCE: ROE anomaly | computed=16.28, source=22.1
BAJFINANCE: ROCE anomaly | computed=17.59, source=11.9
BAJFINANCE: ROE anomaly | computed=11.97, source=22.1
BAJFINANCE: ROCE anomaly | computed=17.46, source=11.9
BAJFINANCE: ROE anomaly | computed=16.08, source=22.1
BAJFINANCE: ROCE anomaly | computed=17.99, source=11.9
BAJFINANCE: ROCE anomaly | computed=18.08, source=11.9
BANKBARODA: High D/E suppressed (Financial sector)
BANKBARODA: ROCE anomaly | computed=13.89, source=6.33
BANKBARODA: High D/E suppressed (Financial sector)
BANKBARODA: ROCE anomaly | computed=13.30, source=6.33
BANKBARODA: High D/E suppressed (Financial sector)
BANKBARODA: ROE anomaly | computed=9.40, source=16.7
BANKBARODA: ROCE anomaly | computed=12.01, source=6.33
BANKBARODA: High D/E suppressed (Financial sector)
BANKBARODA: ROE anomaly | computed=-11.84, source=16.7
BANKBARODA: High D/E suppressed (Financial sector)
BANKBARODA: ROE anomaly | computed=4.31, source=16.7
BANKBARODA: ROCE anomaly | computed=13.57, source=6.33
BANKBARODA: High D/E suppressed (Financial sector)
BANKBARODA: ROE anomaly | computed=-3.94, source=16.7
BANKBARODA: ROCE anomaly | computed=14.02, source=6.33
BANKBARODA: High D/E suppressed (Financial sector)
BANKBARODA: ROE anomaly | computed=2.12, source=16.7
BANKBARODA: ROCE anomaly | computed=14.23, source=6.33
BANKBARODA: High D/E suppressed (Financial sector)
BANKBARODA: ROE anomaly | computed=1.29, source=16.7
BANKBARODA: ROCE anomaly | computed=14.63, source=6.33
BANKBARODA: High D/E suppressed (Financial sector)
BANKBARODA: ROE anomaly | computed=1.97, source=16.7
BANKBARODA: ROCE anomaly | computed=14.73, source=6.33
BANKBARODA: High D/E suppressed (Financial sector)
BANKBARODA: ROE anomaly | computed=8.64, source=16.7
BANKBARODA: ROCE anomaly | computed=16.90, source=6.33
BANKBARODA: High D/E suppressed (Financial sector)
BANKBARODA: ROCE anomaly | computed=16.35, source=6.33
BANKBARODA: High D/E suppressed (Financial sector)
BANKBARODA: ROCE anomaly | computed=16.32, source=6.33
BHARTIARTL: ROE anomaly | computed=4.50, source=14.9
BHARTIARTL: ROCE anomaly | computed=18.78, source=13.1
BHARTIARTL: ROE anomaly | computed=5.05, source=14.9
BHARTIARTL: ROCE anomaly | computed=18.95, source=13.1
BHARTIARTL: ROCE anomaly | computed=23.75, source=13.1
BHARTIARTL: ROCE anomaly | computed=21.02, source=13.1
BHARTIARTL: ROE anomaly | computed=6.29, source=14.9
BHARTIARTL: ROCE anomaly | computed=19.67, source=13.1
BHARTIARTL: ROE anomaly | computed=3.14, source=14.9
BHARTIARTL: ROE anomaly | computed=2.36, source=14.9
BHARTIARTL: ROE anomaly | computed=-39.75, source=14.9
BHARTIARTL: ROCE anomaly | computed=1.42, source=13.1
BHARTIARTL: ROE anomaly | computed=-20.97, source=14.9
BHARTIARTL: ROCE anomaly | computed=23.16, source=13.1
BHARTIARTL: ROCE anomaly | computed=24.61, source=13.1
BHARTIARTL: ROCE anomaly | computed=23.46, source=13.1
BEL: ROE anomaly | computed=15183.33, source=26.3
BEL: ROCE anomaly | computed=8104.83, source=34.6
BEL: ROE anomaly | computed=13600.00, source=26.3
BEL: ROCE anomaly | computed=7597.46, source=34.6
BEL: ROE anomaly | computed=17100.00, source=26.3
BEL: ROCE anomaly | computed=8884.26, source=34.6
BEL: ROE anomaly | computed=11141.67, source=26.3
BEL: ROCE anomaly | computed=6732.78, source=34.6
BEL: ROE anomaly | computed=10153.33, source=26.3
BEL: ROCE anomaly | computed=5807.15, source=34.6
BEL: ROE anomaly | computed=4616.13, source=26.3
BEL: ROCE anomaly | computed=3339.72, source=34.6
BEL: ROE anomaly | computed=3851.02, source=26.3
BEL: ROCE anomaly | computed=3284.63, source=34.6
BEL: ROE anomaly | computed=3318.18, source=26.3
BEL: ROCE anomaly | computed=3292.58, source=34.6
BEL: ROE anomaly | computed=3559.32, source=26.3
BEL: ROCE anomaly | computed=3107.91, source=34.6
BEL: ROE anomaly | computed=3478.26, source=26.3
BEL: ROCE anomaly | computed=3108.48, source=34.6
BEL: ROE anomaly | computed=3981.33, source=26.3
BEL: ROCE anomaly | computed=3862.29, source=34.6
BEL: ROE anomaly | computed=4744.05, source=26.3
BEL: ROCE anomaly | computed=4184.41, source=34.6
BHEL: ROE anomaly | computed=21.91, source=1.05
BHEL: ROCE anomaly | computed=26.13, source=3.28
BHEL: ROE anomaly | computed=10.56, source=1.05
BHEL: ROCE anomaly | computed=17.09, source=3.28
BHEL: ROCE anomaly | computed=12.02, source=3.28
BHEL: ROCE anomaly | computed=10.68, source=3.28
BHEL: ROCE anomaly | computed=10.92, source=3.28
BHEL: ROCE anomaly | computed=12.24, source=3.28
BHEL: ROE anomaly | computed=-5.12, source=1.05
BHEL: ROE anomaly | computed=-10.39, source=1.05
BHEL: ROCE anomaly | computed=-1.85, source=3.28
BHEL: ROCE anomaly | computed=9.01, source=3.28
BHEL: ROCE anomaly | computed=10.16, source=3.28
BHEL: ROCE anomaly | computed=9.14, source=3.28
BOSCHLTD: ROCE anomaly | computed=31.83, source=20.6
BOSCHLTD: ROCE anomaly | computed=28.30, source=20.6
BOSCHLTD: ROCE anomaly | computed=33.64, source=20.6
BOSCHLTD: ROCE anomaly | computed=26.06, source=20.6
BOSCHLTD: ROCE anomaly | computed=29.31, source=20.6
BOSCHLTD: ROCE anomaly | computed=26.07, source=20.6
BOSCHLTD: ROCE anomaly | computed=29.60, source=20.6
BOSCHLTD: ROE anomaly | computed=7.01, source=16.0
BOSCHLTD: ROE anomaly | computed=4.91, source=16.0
BOSCHLTD: ROCE anomaly | computed=25.92, source=20.6
BOSCHLTD: ROCE anomaly | computed=29.63, source=20.6
BPCL: ROE anomaly | computed=11.54, source=41.9
BPCL: ROCE anomaly | computed=65.56, source=32.1
BPCL: ROE anomaly | computed=20.85, source=41.9
BPCL: ROCE anomaly | computed=67.97, source=32.1
BPCL: ROE anomaly | computed=22.52, source=41.9
BPCL: ROCE anomaly | computed=65.10, source=32.1
BPCL: ROE anomaly | computed=29.10, source=41.9
BPCL: ROCE anomaly | computed=55.38, source=32.1
BPCL: ROE anomaly | computed=30.85, source=41.9
BPCL: ROCE anomaly | computed=49.41, source=32.1
BPCL: ROE anomaly | computed=26.74, source=41.9
BPCL: ROCE anomaly | computed=50.18, source=32.1
BPCL: ROE anomaly | computed=22.00, source=41.9
BPCL: ROCE anomaly | computed=52.53, source=32.1
BPCL: ROE anomaly | computed=10.04, source=41.9
BPCL: ROCE anomaly | computed=42.03, source=32.1
BPCL: ROE anomaly | computed=32.34, source=41.9
BPCL: ROCE anomaly | computed=42.20, source=32.1
BPCL: ROE anomaly | computed=22.51, source=41.9
BPCL: ROCE anomaly | computed=46.24, source=32.1
BPCL: ROE anomaly | computed=3.98, source=41.9
BPCL: ROCE anomaly | computed=52.28, source=32.1
BPCL: ROE anomaly | computed=35.51, source=41.9
BPCL: ROCE anomaly | computed=59.16, source=32.1
BRITANNIA: ROE anomaly | computed=46.59, source=57.1
BRITANNIA: ROCE anomaly | computed=83.70, source=48.9
BRITANNIA: ROE anomaly | computed=49.50, source=57.1
BRITANNIA: ROCE anomaly | computed=85.21, source=48.9
BRITANNIA: ROCE anomaly | computed=78.41, source=48.9
BRITANNIA: ROE anomaly | computed=39.44, source=57.1
BRITANNIA: ROCE anomaly | computed=65.51, source=48.9
BRITANNIA: ROE anomaly | computed=32.83, source=57.1
BRITANNIA: ROCE anomaly | computed=59.09, source=48.9
BRITANNIA: ROE anomaly | computed=29.48, source=57.1
BRITANNIA: ROE anomaly | computed=27.16, source=57.1
BRITANNIA: ROE anomaly | computed=31.66, source=57.1
BRITANNIA: ROCE anomaly | computed=55.87, source=48.9
BRITANNIA: ROCE anomaly | computed=62.20, source=48.9
BRITANNIA: ROE anomaly | computed=65.53, source=57.1
BRITANNIA: ROCE anomaly | computed=62.14, source=48.9
BRITANNIA: ROCE anomaly | computed=60.64, source=48.9
CANBK: High D/E suppressed (Financial sector)
CANBK: ROE anomaly | computed=11.90, source=17.9
CANBK: High D/E suppressed (Financial sector)
CANBK: ROE anomaly | computed=8.85, source=17.9
CANBK: High D/E suppressed (Financial sector)
CANBK: ROE anomaly | computed=9.02, source=17.9
CANBK: High D/E suppressed (Financial sector)
CANBK: ROE anomaly | computed=-7.82, source=17.9
CANBK: High D/E suppressed (Financial sector)
CANBK: ROE anomaly | computed=4.07, source=17.9
CANBK: ROCE anomaly | computed=12.28, source=6.63
CANBK: High D/E suppressed (Financial sector)
CANBK: ROE anomaly | computed=-10.50, source=17.9
CANBK: ROCE anomaly | computed=13.10, source=6.63
CANBK: High D/E suppressed (Financial sector)
CANBK: ROE anomaly | computed=1.85, source=17.9
CANBK: ROCE anomaly | computed=16.18, source=6.63
CANBK: High D/E suppressed (Financial sector)
CANBK: ROE anomaly | computed=-4.66, source=17.9
CANBK: ROCE anomaly | computed=13.18, source=6.63
CANBK: High D/E suppressed (Financial sector)
CANBK: ROE anomaly | computed=4.74, source=17.9
CANBK: ROCE anomaly | computed=18.31, source=6.63
CANBK: High D/E suppressed (Financial sector)
CANBK: ROE anomaly | computed=8.80, source=17.9
CANBK: ROCE anomaly | computed=18.80, source=6.63
CANBK: High D/E suppressed (Financial sector)
CANBK: ROCE anomaly | computed=18.78, source=6.63
CANBK: High D/E suppressed (Financial sector)
CANBK: ROCE anomaly | computed=17.73, source=6.63
CHOLAFIN: High D/E suppressed (Financial sector)
CHOLAFIN: High D/E suppressed (Financial sector)
CHOLAFIN: ROCE anomaly | computed=15.78, source=10.4
CHOLAFIN: High D/E suppressed (Financial sector)
CHOLAFIN: ROCE anomaly | computed=16.06, source=10.4
CHOLAFIN: High D/E suppressed (Financial sector)
CHOLAFIN: ROCE anomaly | computed=16.02, source=10.4
CHOLAFIN: High D/E suppressed (Financial sector)
CHOLAFIN: ROCE anomaly | computed=15.96, source=10.4
CHOLAFIN: High D/E suppressed (Financial sector)
CHOLAFIN: High D/E suppressed (Financial sector)
CHOLAFIN: High D/E suppressed (Financial sector)
CHOLAFIN: ROE anomaly | computed=12.85, source=20.2
CHOLAFIN: High D/E suppressed (Financial sector)
CHOLAFIN: ROCE anomaly | computed=15.71, source=10.4
CHOLAFIN: High D/E suppressed (Financial sector)
CHOLAFIN: ROCE anomaly | computed=16.07, source=10.4
CHOLAFIN: High D/E suppressed (Financial sector)
CHOLAFIN: ROCE anomaly | computed=15.80, source=10.4
CHOLAFIN: High D/E suppressed (Financial sector)
CHOLAFIN: ROCE anomaly | computed=15.58, source=10.4
CIPLA: ROCE anomaly | computed=38.51, source=22.8
CIPLA: ROCE anomaly | computed=39.80, source=22.8
CIPLA: ROE anomaly | computed=11.38, source=16.8
CIPLA: ROCE anomaly | computed=38.70, source=22.8
CIPLA: ROCE anomaly | computed=37.81, source=22.8
CIPLA: ROE anomaly | computed=8.25, source=16.8
CIPLA: ROCE anomaly | computed=37.35, source=22.8
CIPLA: ROE anomaly | computed=9.96, source=16.8
CIPLA: ROCE anomaly | computed=37.19, source=22.8
CIPLA: ROE anomaly | computed=9.94, source=16.8
CIPLA: ROCE anomaly | computed=37.52, source=22.8
CIPLA: ROE anomaly | computed=9.52, source=16.8
CIPLA: ROCE anomaly | computed=38.28, source=22.8
CIPLA: ROCE anomaly | computed=39.43, source=22.8
CIPLA: ROCE anomaly | computed=40.25, source=22.8
CIPLA: ROCE anomaly | computed=39.24, source=22.8
CIPLA: ROCE anomaly | computed=40.19, source=22.8
COALINDIA: ROE anomaly | computed=35.81, source=52.0
COALINDIA: ROCE anomaly | computed=43.22, source=63.6
COALINDIA: ROE anomaly | computed=35.64, source=52.0
COALINDIA: ROCE anomaly | computed=44.64, source=63.6
COALINDIA: ROE anomaly | computed=34.02, source=52.0
COALINDIA: ROCE anomaly | computed=44.38, source=63.6
COALINDIA: ROE anomaly | computed=40.96, source=52.0
COALINDIA: ROCE anomaly | computed=47.04, source=63.6
COALINDIA: ROE anomaly | computed=37.85, source=52.0
COALINDIA: ROCE anomaly | computed=47.45, source=63.6
COALINDIA: ROE anomaly | computed=34.88, source=52.0
COALINDIA: ROCE anomaly | computed=48.07, source=63.6
COALINDIA: ROE anomaly | computed=66.01, source=52.0
COALINDIA: ROCE anomaly | computed=56.80, source=63.6
COALINDIA: ROCE anomaly | computed=50.37, source=63.6
COALINDIA: ROE anomaly | computed=34.78, source=52.0
COALINDIA: ROCE anomaly | computed=43.18, source=63.6
COALINDIA: ROE anomaly | computed=40.28, source=52.0
COALINDIA: ROCE anomaly | computed=45.69, source=63.6
COALINDIA: ROCE anomaly | computed=47.74, source=63.6
COALINDIA: ROE anomaly | computed=45.17, source=52.0
COALINDIA: ROCE anomaly | computed=44.42, source=63.6
DABUR: ROE anomaly | computed=36.56, source=19.2
DABUR: ROCE anomaly | computed=42.91, source=22.3
DABUR: ROE anomaly | computed=34.49, source=19.2
DABUR: ROCE anomaly | computed=42.76, source=22.3
DABUR: ROE anomaly | computed=31.84, source=19.2
DABUR: ROCE anomaly | computed=40.91, source=22.3
DABUR: ROE anomaly | computed=30.06, source=19.2
DABUR: ROCE anomaly | computed=37.85, source=22.3
DABUR: ROE anomaly | computed=26.41, source=19.2
DABUR: ROCE anomaly | computed=33.90, source=22.3
DABUR: ROCE anomaly | computed=31.31, source=22.3
DABUR: ROE anomaly | computed=25.67, source=19.2
DABUR: ROCE anomaly | computed=34.28, source=22.3
DABUR: ROCE anomaly | computed=31.43, source=22.3
DABUR: ROCE anomaly | computed=30.63, source=22.3
DABUR: ROCE anomaly | computed=30.17, source=22.3
DABUR: ROCE anomaly | computed=28.21, source=22.3
DABUR: ROCE anomaly | computed=27.67, source=22.3
DIVISLAB: ROE anomaly | computed=24.07, source=12.2
DIVISLAB: ROCE anomaly | computed=31.60, source=16.5
DIVISLAB: ROE anomaly | computed=26.08, source=12.2
DIVISLAB: ROCE anomaly | computed=32.83, source=16.5
DIVISLAB: ROE anomaly | computed=24.37, source=12.2
DIVISLAB: ROCE anomaly | computed=32.09, source=16.5
DIVISLAB: ROE anomaly | computed=26.23, source=12.2
DIVISLAB: ROCE anomaly | computed=34.02, source=16.5
DIVISLAB: ROE anomaly | computed=19.79, source=12.2
DIVISLAB: ROCE anomaly | computed=29.05, source=16.5
DIVISLAB: ROCE anomaly | computed=24.80, source=16.5
DIVISLAB: ROE anomaly | computed=19.45, source=12.2
DIVISLAB: ROCE anomaly | computed=28.59, source=16.5
DIVISLAB: ROE anomaly | computed=18.84, source=12.2
DIVISLAB: ROCE anomaly | computed=27.70, source=16.5
DIVISLAB: ROE anomaly | computed=21.34, source=12.2
DIVISLAB: ROCE anomaly | computed=30.70, source=16.5
DIVISLAB: ROE anomaly | computed=25.24, source=12.2
DIVISLAB: ROCE anomaly | computed=33.09, source=16.5
DIVISLAB: ROCE anomaly | computed=23.40, source=16.5
DLF: ROCE anomaly | computed=11.78, source=5.74
DLF: ROCE anomaly | computed=10.84, source=5.74
DLF: ROE anomaly | computed=1.85, source=6.95
DLF: ROCE anomaly | computed=12.81, source=5.74
DLF: ROE anomaly | computed=1.27, source=6.95
DLF: ROCE anomaly | computed=13.65, source=5.74
DLF: ROCE anomaly | computed=14.06, source=5.74
DLF: ROE anomaly | computed=12.68, source=6.95
DLF: ROCE anomaly | computed=15.52, source=5.74
DLF: ROE anomaly | computed=-1.71, source=6.95
DLF: ROCE anomaly | computed=11.30, source=5.74
DLF: ROCE anomaly | computed=11.63, source=5.74
DLF: ROCE anomaly | computed=12.86, source=5.74
DMART: ROCE anomaly | computed=50.56, source=19.4
DMART: ROCE anomaly | computed=59.55, source=19.4
DMART: ROCE anomaly | computed=62.64, source=19.4
DMART: ROE anomaly | computed=21.04, source=14.5
DMART: ROCE anomaly | computed=64.64, source=19.4
DMART: ROCE anomaly | computed=47.29, source=19.4
DMART: ROCE anomaly | computed=61.53, source=19.4
DMART: ROCE anomaly | computed=64.80, source=19.4
DMART: ROCE anomaly | computed=47.44, source=19.4
DMART: ROE anomaly | computed=9.02, source=14.5
DMART: ROCE anomaly | computed=40.33, source=19.4
DMART: ROCE anomaly | computed=45.88, source=19.4
DMART: ROCE anomaly | computed=54.62, source=19.4
DMART: ROCE anomaly | computed=54.75, source=19.4
DRREDDY: ROCE anomaly | computed=31.72, source=26.5
DRREDDY: ROCE anomaly | computed=31.66, source=26.5
DRREDDY: ROE anomaly | computed=10.54, source=21.4
DRREDDY: ROCE anomaly | computed=21.15, source=26.5
DRREDDY: ROE anomaly | computed=7.53, source=21.4
DRREDDY: ROCE anomaly | computed=19.53, source=26.5
DRREDDY: ROE anomaly | computed=13.90, source=21.4
DRREDDY: ROE anomaly | computed=12.99, source=21.4
DRREDDY: ROE anomaly | computed=11.07, source=21.4
DRREDDY: ROE anomaly | computed=11.36, source=21.4
EICHERMOT: ROCE anomaly | computed=40.21, source=31.1
EICHERMOT: ROCE anomaly | computed=37.09, source=31.1
EICHERMOT: ROCE anomaly | computed=40.26, source=31.1
EICHERMOT: ROE anomaly | computed=36.63, source=24.2
EICHERMOT: ROCE anomaly | computed=44.66, source=31.1
EICHERMOT: ROE anomaly | computed=31.19, source=24.2
EICHERMOT: ROCE anomaly | computed=38.71, source=31.1
EICHERMOT: ROCE anomaly | computed=36.42, source=31.1
EICHERMOT: ROE anomaly | computed=18.30, source=24.2
EICHERMOT: ROE anomaly | computed=11.78, source=24.2
EICHERMOT: ROCE anomaly | computed=21.21, source=31.1
EICHERMOT: ROE anomaly | computed=13.30, source=24.2
EICHERMOT: ROCE anomaly | computed=22.70, source=31.1
GAIL: ROCE anomaly | computed=26.00, source=14.7
GAIL: ROCE anomaly | computed=26.87, source=14.7
GAIL: ROCE anomaly | computed=22.96, source=14.7
GAIL: ROE anomaly | computed=5.15, source=14.0
GAIL: ROCE anomaly | computed=21.61, source=14.7
GAIL: ROE anomaly | computed=8.58, source=14.0
GAIL: ROCE anomaly | computed=22.76, source=14.7
GAIL: ROCE anomaly | computed=25.38, source=14.7
GAIL: ROCE anomaly | computed=30.52, source=14.7
GAIL: ROE anomaly | computed=19.31, source=14.0
GAIL: ROCE anomaly | computed=29.22, source=14.7
GAIL: ROCE anomaly | computed=21.36, source=14.7
GAIL: ROE anomaly | computed=19.19, source=14.0
GAIL: ROCE anomaly | computed=30.01, source=14.7
GAIL: ROE anomaly | computed=8.62, source=14.0
GAIL: ROCE anomaly | computed=31.33, source=14.7
GAIL: ROCE anomaly | computed=28.55, source=14.7
GODREJCP: ROE anomaly | computed=25.51, source=6.77
GODREJCP: ROE anomaly | computed=21.70, source=6.77
GODREJCP: ROE anomaly | computed=22.64, source=6.77
GODREJCP: ROE anomaly | computed=19.48, source=6.77
GODREJCP: ROE anomaly | computed=24.67, source=6.77
GODREJCP: ROE anomaly | computed=26.11, source=6.77
GODREJCP: ROE anomaly | computed=32.23, source=6.77
GODREJCP: ROE anomaly | computed=18.95, source=6.77
GODREJCP: ROE anomaly | computed=18.23, source=6.77
GODREJCP: ROE anomaly | computed=15.43, source=6.77
GODREJCP: ROE anomaly | computed=12.34, source=6.77
GODREJCP: ROE anomaly | computed=-4.45, source=6.77
GODREJCP: ROCE anomaly | computed=19.01, source=26.49
GRASIM: ROE anomaly | computed=19.22, source=6.9
GRASIM: ROCE anomaly | computed=24.68, source=9.3
GRASIM: ROE anomaly | computed=13.67, source=6.9
GRASIM: ROCE anomaly | computed=20.99, source=9.3
GRASIM: ROCE anomaly | computed=19.70, source=9.3
GRASIM: ROE anomaly | computed=12.60, source=6.9
GRASIM: ROCE anomaly | computed=20.27, source=9.3
GRASIM: ROE anomaly | computed=13.53, source=6.9
GRASIM: ROCE anomaly | computed=21.35, source=9.3
GRASIM: ROCE anomaly | computed=15.55, source=9.3
GRASIM: ROE anomaly | computed=14.80, source=6.9
GRASIM: ROCE anomaly | computed=17.14, source=9.3
GRASIM: ROE anomaly | computed=14.07, source=6.9
GRASIM: ROCE anomaly | computed=16.50, source=9.3
GRASIM: ROCE anomaly | computed=15.47, source=9.3
HAL: ROE anomaly | computed=1966.92, source=28.9
HAL: ROCE anomaly | computed=2804.69, source=38.9
HAL: ROE anomaly | computed=1528.46, source=28.9
HAL: ROCE anomaly | computed=2770.84, source=38.9
HAL: ROE anomaly | computed=1763.91, source=28.9
HAL: ROCE anomaly | computed=2909.71, source=38.9
HAL: ROE anomaly | computed=2059.42, source=28.9
HAL: ROCE anomaly | computed=3205.68, source=38.9
HAL: ROE anomaly | computed=2249.31, source=28.9
HAL: ROCE anomaly | computed=3253.52, source=38.9
HAL: ROE anomaly | computed=3324.18, source=28.9
HAL: ROCE anomaly | computed=3606.59, source=38.9
HAL: ROE anomaly | computed=3283.05, source=28.9
HAL: ROCE anomaly | computed=3142.57, source=38.9
HAL: ROE anomaly | computed=3816.58, source=28.9
HAL: ROCE anomaly | computed=2694.09, source=38.9
HAVELLS: ROE anomaly | computed=40.29, source=18.0
HAVELLS: ROCE anomaly | computed=48.47, source=24.4
HAVELLS: ROE anomaly | computed=26.77, source=18.0
HAVELLS: ROCE anomaly | computed=41.98, source=24.4
HAVELLS: ROCE anomaly | computed=45.01, source=24.4
HAVELLS: ROE anomaly | computed=42.95, source=18.0
HAVELLS: ROCE anomaly | computed=52.27, source=24.4
HAVELLS: ROCE anomaly | computed=32.32, source=24.4
HAVELLS: ROCE anomaly | computed=33.95, source=24.4
HAVELLS: ROCE anomaly | computed=37.70, source=24.4
HAVELLS: ROCE anomaly | computed=35.48, source=24.4
HAVELLS: ROCE anomaly | computed=34.48, source=24.4
HAVELLS: ROCE anomaly | computed=36.65, source=24.4
HAVELLS: ROCE anomaly | computed=38.37, source=24.4
HAVELLS: ROCE anomaly | computed=38.41, source=24.4
HCLTECH: ROE anomaly | computed=30.69, source=23.3
HCLTECH: ROCE anomaly | computed=39.13, source=29.6
HCLTECH: ROE anomaly | computed=33.39, source=23.3
HCLTECH: ROCE anomaly | computed=39.38, source=29.6
HCLTECH: ROE anomaly | computed=30.31, source=23.3
HCLTECH: ROCE anomaly | computed=37.21, source=29.6
HCLTECH: ROCE anomaly | computed=35.39, source=29.6
HCLTECH: ROCE anomaly | computed=35.02, source=29.6
HCLTECH: ROCE anomaly | computed=35.04, source=29.6
HCLTECH: ROCE anomaly | computed=35.28, source=29.6
HCLTECH: ROCE anomaly | computed=35.76, source=29.6
HDFCBANK: High D/E suppressed (Financial sector)
HDFCBANK: ROCE anomaly | computed=17.16, source=7.67
HDFCBANK: High D/E suppressed (Financial sector)
HDFCBANK: ROCE anomaly | computed=16.57, source=7.67
HDFCBANK: High D/E suppressed (Financial sector)
HDFCBANK: ROCE anomaly | computed=15.58, source=7.67
HDFCBANK: High D/E suppressed (Financial sector)
HDFCBANK: ROCE anomaly | computed=15.63, source=7.67
HDFCBANK: High D/E suppressed (Financial sector)
HDFCBANK: ROCE anomaly | computed=15.62, source=7.67
HDFCBANK: High D/E suppressed (Financial sector)
HDFCBANK: ROCE anomaly | computed=16.13, source=7.67
HDFCBANK: High D/E suppressed (Financial sector)
HDFCBANK: ROCE anomaly | computed=15.03, source=7.67
HDFCBANK: High D/E suppressed (Financial sector)
HDFCBANK: ROCE anomaly | computed=16.26, source=7.67
HDFCBANK: High D/E suppressed (Financial sector)
HDFCBANK: ROCE anomaly | computed=16.94, source=7.67
HDFCBANK: High D/E suppressed (Financial sector)
HDFCBANK: ROCE anomaly | computed=17.08, source=7.67
HDFCBANK: High D/E suppressed (Financial sector)
HDFCBANK: ROCE anomaly | computed=16.16, source=7.67
HDFCBANK: High D/E suppressed (Financial sector)
HDFCBANK: ROCE anomaly | computed=21.78, source=7.67
HDFCLIFE: ROE anomaly | computed=33.43, source=11.4
HDFCLIFE: ROCE anomaly | computed=42.48, source=6.61
HDFCLIFE: ROE anomaly | computed=37.60, source=11.4
HDFCLIFE: ROCE anomaly | computed=43.85, source=6.61
HDFCLIFE: ROE anomaly | computed=30.93, source=11.4
HDFCLIFE: ROCE anomaly | computed=42.88, source=6.61
HDFCLIFE: ROE anomaly | computed=26.33, source=11.4
HDFCLIFE: ROCE anomaly | computed=37.64, source=6.61
HDFCLIFE: ROE anomaly | computed=23.18, source=11.4
HDFCLIFE: ROCE anomaly | computed=38.77, source=6.61
HDFCLIFE: ROE anomaly | computed=23.53, source=11.4
HDFCLIFE: ROCE anomaly | computed=38.24, source=6.61
HDFCLIFE: ROE anomaly | computed=22.65, source=11.4
HDFCLIFE: ROCE anomaly | computed=38.12, source=6.61
HDFCLIFE: ROE anomaly | computed=19.05, source=11.4
HDFCLIFE: ROCE anomaly | computed=35.14, source=6.61
HDFCLIFE: ROCE anomaly | computed=38.04, source=6.61
HDFCLIFE: ROCE anomaly | computed=33.50, source=6.61
HDFCLIFE: ROCE anomaly | computed=34.32, source=6.61
HDFCLIFE: ROCE anomaly | computed=35.33, source=6.61
HEROMOTOCO: ROE anomaly | computed=37.38, source=22.0
HEROMOTOCO: ROCE anomaly | computed=84.51, source=29.1
HEROMOTOCO: ROE anomaly | computed=36.15, source=22.0
HEROMOTOCO: ROCE anomaly | computed=86.15, source=29.1
HEROMOTOCO: ROE anomaly | computed=35.23, source=22.0
HEROMOTOCO: ROCE anomaly | computed=77.58, source=29.1
HEROMOTOCO: ROE anomaly | computed=34.37, source=22.0
HEROMOTOCO: ROCE anomaly | computed=70.39, source=29.1
HEROMOTOCO: ROE anomaly | computed=31.09, source=22.0
HEROMOTOCO: ROCE anomaly | computed=69.09, source=29.1
HEROMOTOCO: ROCE anomaly | computed=67.27, source=29.1
HEROMOTOCO: ROCE anomaly | computed=60.15, source=29.1
HEROMOTOCO: ROCE anomaly | computed=55.20, source=29.1
HEROMOTOCO: ROE anomaly | computed=14.70, source=22.0
HEROMOTOCO: ROCE anomaly | computed=53.68, source=29.1
HEROMOTOCO: ROE anomaly | computed=16.81, source=22.0
HEROMOTOCO: ROCE anomaly | computed=56.45, source=29.1
HEROMOTOCO: ROCE anomaly | computed=57.83, source=29.1
HINDALCO: ROCE anomaly | computed=38.88, source=11.3
HINDALCO: ROCE anomaly | computed=37.32, source=11.3
HINDALCO: ROE anomaly | computed=0.68, source=10.2
HINDALCO: ROCE anomaly | computed=37.83, source=11.3
HINDALCO: ROE anomaly | computed=-1.73, source=10.2
HINDALCO: ROCE anomaly | computed=36.42, source=11.3
HINDALCO: ROE anomaly | computed=4.09, source=10.2
HINDALCO: ROCE anomaly | computed=37.07, source=11.3
HINDALCO: ROCE anomaly | computed=41.58, source=11.3
HINDALCO: ROCE anomaly | computed=42.55, source=11.3
HINDALCO: ROCE anomaly | computed=38.25, source=11.3
HINDALCO: ROCE anomaly | computed=37.49, source=11.3
HINDALCO: ROE anomaly | computed=17.56, source=10.2
HINDALCO: ROCE anomaly | computed=45.10, source=11.3
HINDALCO: ROCE anomaly | computed=46.16, source=11.3
HINDALCO: ROCE anomaly | computed=44.31, source=11.3
HINDUNILVR: ROE anomaly | computed=134.00, source=20.2
HINDUNILVR: ROCE anomaly | computed=112.66, source=27.2
HINDUNILVR: ROE anomaly | computed=111.85, source=20.2
HINDUNILVR: ROCE anomaly | computed=102.59, source=27.2
HINDUNILVR: ROE anomaly | computed=108.67, source=20.2
HINDUNILVR: ROCE anomaly | computed=103.11, source=27.2
HINDUNILVR: ROE anomaly | computed=63.15, source=20.2
HINDUNILVR: ROCE anomaly | computed=86.03, source=27.2
HINDUNILVR: ROE anomaly | computed=66.58, source=20.2
HINDUNILVR: ROCE anomaly | computed=85.76, source=27.2
HINDUNILVR: ROE anomaly | computed=71.79, source=20.2
HINDUNILVR: ROCE anomaly | computed=84.65, source=27.2
HINDUNILVR: ROE anomaly | computed=77.03, source=20.2
HINDUNILVR: ROCE anomaly | computed=88.52, source=27.2
HINDUNILVR: ROE anomaly | computed=82.10, source=20.2
HINDUNILVR: ROCE anomaly | computed=87.02, source=27.2
HINDUNILVR: ROCE anomaly | computed=38.37, source=27.2
HINDUNILVR: ROCE anomaly | computed=40.09, source=27.2
HINDUNILVR: ROCE anomaly | computed=42.80, source=27.2
HINDUNILVR: ROCE anomaly | computed=41.88, source=27.2
ICICIBANK: High D/E suppressed (Financial sector)
ICICIBANK: ROCE anomaly | computed=24.13, source=7.6
ICICIBANK: High D/E suppressed (Financial sector)
ICICIBANK: ROCE anomaly | computed=23.27, source=7.6
ICICIBANK: High D/E suppressed (Financial sector)
ICICIBANK: ROCE anomaly | computed=24.31, source=7.6
ICICIBANK: High D/E suppressed (Financial sector)
ICICIBANK: ROE anomaly | computed=11.61, source=18.8
ICICIBANK: ROCE anomaly | computed=27.39, source=7.6
ICICIBANK: High D/E suppressed (Financial sector)
ICICIBANK: ROE anomaly | computed=10.84, source=18.8
ICICIBANK: ROCE anomaly | computed=31.22, source=7.6
ICICIBANK: High D/E suppressed (Financial sector)
ICICIBANK: ROE anomaly | computed=8.23, source=18.8
ICICIBANK: ROCE anomaly | computed=33.27, source=7.6
ICICIBANK: High D/E suppressed (Financial sector)
ICICIBANK: ROE anomaly | computed=4.98, source=18.8
ICICIBANK: ROCE anomaly | computed=32.00, source=7.6
ICICIBANK: High D/E suppressed (Financial sector)
ICICIBANK: ROE anomaly | computed=9.13, source=18.8
ICICIBANK: ROCE anomaly | computed=29.58, source=7.6
ICICIBANK: High D/E suppressed (Financial sector)
ICICIBANK: ROE anomaly | computed=12.92, source=18.8
ICICIBANK: ROCE anomaly | computed=31.26, source=7.6
ICICIBANK: High D/E suppressed (Financial sector)
ICICIBANK: ROCE anomaly | computed=27.36, source=7.6
ICICIBANK: High D/E suppressed (Financial sector)
ICICIBANK: ROCE anomaly | computed=25.17, source=7.6
ICICIBANK: High D/E suppressed (Financial sector)
ICICIBANK: ROCE anomaly | computed=23.25, source=7.6
ICICIGI: ROCE anomaly | computed=39.07, source=22.5
ICICIGI: ROCE anomaly | computed=39.80, source=22.5
ICICIGI: ROCE anomaly | computed=39.19, source=22.5
ICICIGI: ROCE anomaly | computed=35.01, source=22.5
ICICIGI: ROCE anomaly | computed=34.68, source=22.5
ICICIGI: ROCE anomaly | computed=37.24, source=22.5
ICICIGI: ROCE anomaly | computed=34.75, source=22.5
ICICIGI: ROCE anomaly | computed=34.18, source=22.5
ICICIGI: ROCE anomaly | computed=33.72, source=22.5
ICICIGI: ROCE anomaly | computed=34.56, source=22.5
ICICIGI: ROCE anomaly | computed=35.52, source=22.5
ICICIGI: ROCE anomaly | computed=33.83, source=22.5
ICICIPRULI: ROE anomaly | computed=38.25, source=8.07
ICICIPRULI: ROCE anomaly | computed=42.78, source=8.75
ICICIPRULI: ROE anomaly | computed=35.61, source=8.07
ICICIPRULI: ROCE anomaly | computed=41.12, source=8.75
ICICIPRULI: ROE anomaly | computed=31.15, source=8.07
ICICIPRULI: ROCE anomaly | computed=41.51, source=8.75
ICICIPRULI: ROE anomaly | computed=31.00, source=8.07
ICICIPRULI: ROCE anomaly | computed=37.62, source=8.75
ICICIPRULI: ROE anomaly | computed=26.26, source=8.07
ICICIPRULI: ROCE anomaly | computed=39.06, source=8.75
ICICIPRULI: ROE anomaly | computed=24.63, source=8.07
ICICIPRULI: ROCE anomaly | computed=37.96, source=8.75
ICICIPRULI: ROE anomaly | computed=16.58, source=8.07
ICICIPRULI: ROCE anomaly | computed=35.56, source=8.75
ICICIPRULI: ROE anomaly | computed=14.79, source=8.07
ICICIPRULI: ROCE anomaly | computed=33.25, source=8.75
ICICIPRULI: ROCE anomaly | computed=36.45, source=8.75
ICICIPRULI: ROCE anomaly | computed=33.95, source=8.75
ICICIPRULI: ROCE anomaly | computed=32.64, source=8.75
ICICIPRULI: ROCE anomaly | computed=34.25, source=8.75
INDUSINDBK: High D/E suppressed (Financial sector)
INDUSINDBK: ROCE anomaly | computed=13.74, source=7.93
INDUSINDBK: High D/E suppressed (Financial sector)
INDUSINDBK: ROCE anomaly | computed=15.09, source=7.93
INDUSINDBK: High D/E suppressed (Financial sector)
INDUSINDBK: ROCE anomaly | computed=15.71, source=7.93
INDUSINDBK: High D/E suppressed (Financial sector)
INDUSINDBK: ROCE anomaly | computed=15.00, source=7.93
INDUSINDBK: High D/E suppressed (Financial sector)
INDUSINDBK: ROCE anomaly | computed=16.34, source=7.93
INDUSINDBK: High D/E suppressed (Financial sector)
INDUSINDBK: ROCE anomaly | computed=16.34, source=7.93
INDUSINDBK: High D/E suppressed (Financial sector)
INDUSINDBK: ROCE anomaly | computed=16.36, source=7.93
INDUSINDBK: High D/E suppressed (Financial sector)
INDUSINDBK: ROCE anomaly | computed=17.28, source=7.93
INDUSINDBK: High D/E suppressed (Financial sector)
INDUSINDBK: ROE anomaly | computed=6.54, source=15.2
INDUSINDBK: ROCE anomaly | computed=17.68, source=7.93
INDUSINDBK: High D/E suppressed (Financial sector)
INDUSINDBK: ROE anomaly | computed=9.67, source=15.2
INDUSINDBK: ROCE anomaly | computed=17.76, source=7.93
INDUSINDBK: High D/E suppressed (Financial sector)
INDUSINDBK: ROCE anomaly | computed=17.00, source=7.93
INDUSINDBK: High D/E suppressed (Financial sector)
INDUSINDBK: ROCE anomaly | computed=16.40, source=7.93
INFY: ROE anomaly | computed=24.82, source=31.8
INFY: ROCE anomaly | computed=33.27, source=40.0
INFY: ROE anomaly | computed=23.93, source=31.8
INFY: ROCE anomaly | computed=32.65, source=40.0
INFY: ROE anomaly | computed=24.39, source=31.8
INFY: ROCE anomaly | computed=31.60, source=40.0
INFY: ROE anomaly | computed=21.85, source=31.8
INFY: ROCE anomaly | computed=31.11, source=40.0
INFY: ROE anomaly | computed=20.81, source=31.8
INFY: ROCE anomaly | computed=30.55, source=40.0
INFY: ROE anomaly | computed=24.69, source=31.8
INFY: ROCE anomaly | computed=33.09, source=40.0
INFY: ROE anomaly | computed=23.73, source=31.8
INFY: ROCE anomaly | computed=34.07, source=40.0
INFY: ROE anomaly | computed=25.42, source=31.8
INFY: ROCE anomaly | computed=34.81, source=40.0
INFY: ROE anomaly | computed=25.44, source=31.8
INFY: ROCE anomaly | computed=34.53, source=40.0
IOC: ROE anomaly | computed=5.75, source=25.44
IOC: ROCE anomaly | computed=40.95, source=21.31
IOC: ROE anomaly | computed=10.26, source=25.44
IOC: ROCE anomaly | computed=41.20, source=21.31
IOC: ROE anomaly | computed=7.08, source=25.44
IOC: ROCE anomaly | computed=41.50, source=21.31
IOC: ROE anomaly | computed=13.80, source=25.44
IOC: ROCE anomaly | computed=36.29, source=21.31
IOC: ROE anomaly | computed=19.97, source=25.44
IOC: ROCE anomaly | computed=35.36, source=21.31
IOC: ROE anomaly | computed=19.87, source=25.44
IOC: ROCE anomaly | computed=37.92, source=21.31
IOC: ROE anomaly | computed=15.36, source=25.44
IOC: ROCE anomaly | computed=38.54, source=21.31
IOC: ROE anomaly | computed=-1.97, source=25.44
IOC: ROCE anomaly | computed=29.46, source=21.31
IOC: ROE anomaly | computed=19.46, source=25.44
IOC: ROCE anomaly | computed=30.05, source=21.31
IOC: ROE anomaly | computed=19.27, source=25.44
IOC: ROCE anomaly | computed=37.45, source=21.31
IOC: ROE anomaly | computed=8.38, source=25.44
IOC: ROCE anomaly | computed=41.93, source=21.31
IOC: ROCE anomaly | computed=42.84, source=21.31
IRCTC: ROE anomaly | computed=29.50, source=40.4
IRCTC: ROCE anomaly | computed=32.14, source=53.8
IRCTC: ROE anomaly | computed=34.87, source=40.4
IRCTC: ROCE anomaly | computed=34.71, source=53.8
IRCTC: ROE anomaly | computed=29.10, source=40.4
IRCTC: ROCE anomaly | computed=32.00, source=53.8
IRCTC: ROE anomaly | computed=23.14, source=40.4
IRCTC: ROCE anomaly | computed=25.42, source=53.8
IRCTC: ROE anomaly | computed=28.85, source=40.4
IRCTC: ROCE anomaly | computed=29.64, source=53.8
IRCTC: ROCE anomaly | computed=35.40, source=53.8
IRCTC: ROE anomaly | computed=12.84, source=40.4
IRCTC: ROCE anomaly | computed=15.47, source=53.8
IRCTC: ROE anomaly | computed=35.29, source=40.4
IRCTC: ROCE anomaly | computed=33.66, source=53.8
IRCTC: ROCE anomaly | computed=37.13, source=53.8
IRCTC: ROE anomaly | computed=34.40, source=40.4
IRCTC: ROCE anomaly | computed=34.64, source=53.8
IRFC: High D/E suppressed (Financial sector)
IRFC: ROE anomaly | computed=7.37, source=13.7
IRFC: ROCE anomaly | computed=28.83, source=5.73
IRFC: High D/E suppressed (Financial sector)
IRFC: ROE anomaly | computed=7.78, source=13.7
IRFC: ROCE anomaly | computed=29.05, source=5.73
IRFC: High D/E suppressed (Financial sector)
IRFC: ROCE anomaly | computed=31.21, source=5.73
IRFC: High D/E suppressed (Financial sector)
IRFC: ROCE anomaly | computed=29.12, source=5.73
IRFC: High D/E suppressed (Financial sector)
IRFC: ROCE anomaly | computed=29.54, source=5.73
IRFC: High D/E suppressed (Financial sector)
IRFC: ROCE anomaly | computed=29.95, source=5.73
IRFC: High D/E suppressed (Financial sector)
IRFC: ROCE anomaly | computed=30.95, source=5.73
IRFC: High D/E suppressed (Financial sector)
IRFC: ROCE anomaly | computed=30.66, source=5.73
IRFC: High D/E suppressed (Financial sector)
IRFC: ROCE anomaly | computed=30.54, source=5.73
ITC: ROE anomaly | computed=22.26, source=29.47
ITC: ROE anomaly | computed=22.57, source=29.47
ITC: ROE anomaly | computed=21.89, source=29.47
ITC: ROE anomaly | computed=21.70, source=29.47
ITC: ROE anomaly | computed=23.89, source=29.47
ITC: ROE anomaly | computed=22.18, source=29.47
JINDALSTEL: ROCE anomaly | computed=19.51, source=13.2
JINDALSTEL: ROE anomaly | computed=8.39, source=14.1
JINDALSTEL: ROE anomaly | computed=-6.90, source=14.1
JINDALSTEL: ROE anomaly | computed=-9.52, source=14.1
JINDALSTEL: ROCE anomaly | computed=5.30, source=13.2
JINDALSTEL: ROE anomaly | computed=-8.45, source=14.1
JINDALSTEL: ROCE anomaly | computed=7.26, source=13.2
JINDALSTEL: ROE anomaly | computed=-5.32, source=14.1
JINDALSTEL: ROE anomaly | computed=-7.52, source=14.1
JINDALSTEL: ROE anomaly | computed=-1.24, source=14.1
JINDALSTEL: ROCE anomaly | computed=21.48, source=13.2
JINDALSTEL: ROCE anomaly | computed=27.58, source=13.2
JINDALSTEL: ROCE anomaly | computed=23.59, source=13.2
JINDALSTEL: ROCE anomaly | computed=22.56, source=13.2
JIOFIN: ROCE anomaly | computed=21.68, source=2.16
JIOFIN: ROCE anomaly | computed=21.67, source=2.16
JSWENERGY: ROE anomaly | computed=14.52, source=8.4
JSWENERGY: ROCE anomaly | computed=21.68, source=8.59
JSWENERGY: ROCE anomaly | computed=22.45, source=8.59
JSWENERGY: ROE anomaly | computed=18.06, source=8.4
JSWENERGY: ROCE anomaly | computed=25.64, source=8.59
JSWENERGY: ROE anomaly | computed=15.05, source=8.4
JSWENERGY: ROCE anomaly | computed=22.40, source=8.59
JSWENERGY: ROCE anomaly | computed=17.98, source=8.59
JSWENERGY: ROE anomaly | computed=0.77, source=8.4
JSWENERGY: ROCE anomaly | computed=14.72, source=8.59
JSWENERGY: ROCE anomaly | computed=16.89, source=8.59
JSWENERGY: ROCE anomaly | computed=18.82, source=8.59
JSWENERGY: ROCE anomaly | computed=17.79, source=8.59
JSWENERGY: ROCE anomaly | computed=19.79, source=8.59
JSWENERGY: ROCE anomaly | computed=14.99, source=8.59
JSWENERGY: ROCE anomaly | computed=18.59, source=8.59
JSWSTEEL: ROE anomaly | computed=5.44, source=11.66
JSWSTEEL: ROCE anomaly | computed=19.45, source=13.36
JSWSTEEL: ROE anomaly | computed=1.90, source=11.66
JSWSTEEL: ROCE anomaly | computed=19.49, source=13.36
JSWSTEEL: ROE anomaly | computed=-2.54, source=11.66
JSWSTEEL: ROCE anomaly | computed=23.53, source=13.36
JSWSTEEL: ROE anomaly | computed=21.83, source=11.66
JSWSTEEL: ROCE anomaly | computed=28.47, source=13.36
JSWSTEEL: ROE anomaly | computed=21.62, source=11.66
JSWSTEEL: ROCE anomaly | computed=27.92, source=13.36
JSWSTEEL: ROCE anomaly | computed=18.90, source=13.36
JSWSTEEL: ROE anomaly | computed=16.84, source=11.66
JSWSTEEL: ROCE anomaly | computed=22.98, source=13.36
JSWSTEEL: ROE anomaly | computed=31.11, source=11.66
JSWSTEEL: ROCE anomaly | computed=32.47, source=13.36
JSWSTEEL: ROE anomaly | computed=6.30, source=11.66
JSWSTEEL: ROCE anomaly | computed=20.75, source=13.36
JSWSTEEL: ROCE anomaly | computed=23.42, source=13.36
KOTAKBANK: High D/E suppressed (Financial sector)
KOTAKBANK: ROCE anomaly | computed=22.23, source=7.86
KOTAKBANK: ROCE anomaly | computed=21.31, source=7.86
KOTAKBANK: ROCE anomaly | computed=24.94, source=7.86
KOTAKBANK: High D/E suppressed (Financial sector)
KOTAKBANK: ROCE anomaly | computed=19.53, source=7.86
KOTAKBANK: High D/E suppressed (Financial sector)
KOTAKBANK: ROCE anomaly | computed=22.79, source=7.86
KOTAKBANK: ROCE anomaly | computed=22.54, source=7.86
KOTAKBANK: High D/E suppressed (Financial sector)
KOTAKBANK: ROCE anomaly | computed=22.43, source=7.86
KOTAKBANK: ROCE anomaly | computed=22.89, source=7.86
KOTAKBANK: ROCE anomaly | computed=28.23, source=7.86
KOTAKBANK: ROCE anomaly | computed=28.36, source=7.86
KOTAKBANK: ROCE anomaly | computed=25.89, source=7.86
KOTAKBANK: ROCE anomaly | computed=27.29, source=7.86
LICI: High D/E suppressed (Financial sector)
LICI: ROE anomaly | computed=324.32, source=63.61
LICI: ROCE anomaly | computed=117.11, source=63.79
LICI: High D/E suppressed (Financial sector)
LICI: ROE anomaly | computed=270.46, source=63.61
LICI: ROCE anomaly | computed=97.97, source=63.79
LICI: ROE anomaly | computed=43.20, source=63.61
LICI: ROCE anomaly | computed=18.72, source=63.79
LICI: ROE anomaly | computed=36.38, source=63.61
LICI: ROCE anomaly | computed=16.25, source=63.79
LICI: ROE anomaly | computed=77.86, source=63.61
LICI: ROCE anomaly | computed=31.77, source=63.79
LICI: ROE anomaly | computed=49.45, source=63.61
LICI: ROCE anomaly | computed=21.46, source=63.79
LODHA: ROE anomaly | computed=17.69, source=10.7
LODHA: ROCE anomaly | computed=17.96, source=11.1
LODHA: ROE anomaly | computed=42.80, source=10.7
LODHA: ROCE anomaly | computed=26.43, source=11.1
LODHA: ROE anomaly | computed=16.30, source=10.7
LODHA: ROE anomaly | computed=1.04, source=10.7
LODHA: ROE anomaly | computed=3.87, source=10.7
LT: ROE anomaly | computed=395.15, source=10.49
LT: ROCE anomaly | computed=781.53, source=17.18
LT: ROE anomaly | computed=303.42, source=10.49
LT: ROCE anomaly | computed=748.40, source=17.18
LT: ROE anomaly | computed=245.11, source=10.49
LT: ROCE anomaly | computed=707.44, source=17.18
LT: ROE anomaly | computed=216.09, source=10.49
LT: ROCE anomaly | computed=724.17, source=17.18
LT: ROE anomaly | computed=206.30, source=10.49
LT: ROCE anomaly | computed=570.97, source=17.18
LT: ROE anomaly | computed=207.36, source=10.49
LT: ROCE anomaly | computed=525.28, source=17.18
LT: ROE anomaly | computed=208.81, source=10.49
LT: ROCE anomaly | computed=483.13, source=17.18
LT: ROE anomaly | computed=201.59, source=10.49
LT: ROCE anomaly | computed=404.79, source=17.18
LT: ROE anomaly | computed=176.90, source=10.49
LT: ROCE anomaly | computed=320.25, source=17.18
LT: ROE anomaly | computed=72.92, source=10.49
LT: ROCE anomaly | computed=181.57, source=17.18
LT: ROE anomaly | computed=75.52, source=10.49
LT: ROCE anomaly | computed=186.30, source=17.18
LT: ROE anomaly | computed=77.67, source=10.49
LT: ROCE anomaly | computed=191.11, source=17.18
LTIM: ROE anomaly | computed=41.97, source=26.04
LTIM: ROCE anomaly | computed=53.42, source=34.1
LTIM: ROE anomaly | computed=61.86, source=26.04
LTIM: ROCE anomaly | computed=64.39, source=34.1
LTIM: ROE anomaly | computed=37.96, source=26.04
LTIM: ROCE anomaly | computed=51.76, source=34.1
LTIM: ROE anomaly | computed=39.34, source=26.04
LTIM: ROCE anomaly | computed=55.44, source=34.1
LTIM: ROCE anomaly | computed=44.98, source=34.1
LTIM: ROCE anomaly | computed=41.52, source=34.1
LTIM: ROCE anomaly | computed=44.18, source=34.1
LTIM: ROCE anomaly | computed=39.19, source=34.1
LTIM: ROCE anomaly | computed=40.09, source=34.1
LTIM: ROCE anomaly | computed=42.17, source=34.1
M&M: ROCE anomaly | computed=21.83, source=26.98
M&M: ROE anomaly | computed=-0.80, source=17.99
M&M: ROCE anomaly | computed=12.19, source=26.98
M&M: ROE anomaly | computed=3.64, source=17.99
M&M: ROCE anomaly | computed=14.14, source=26.98
M&M: ROCE anomaly | computed=19.92, source=26.98
MARUTI: ROCE anomaly | computed=39.21, source=23.67
MARUTI: ROCE anomaly | computed=35.93, source=23.67
MARUTI: ROCE anomaly | computed=38.34, source=23.67
MARUTI: ROCE anomaly | computed=37.16, source=23.67
MARUTI: ROCE anomaly | computed=37.12, source=23.67
MARUTI: ROCE anomaly | computed=36.77, source=23.67
MARUTI: ROCE anomaly | computed=35.81, source=23.67
MARUTI: ROCE anomaly | computed=30.23, source=23.67
MARUTI: ROE anomaly | computed=8.36, source=15.75
MARUTI: ROE anomaly | computed=7.01, source=15.75
MARUTI: ROCE anomaly | computed=30.30, source=23.67
MARUTI: ROCE anomaly | computed=33.40, source=23.67
MOTHERSON: ROE anomaly | computed=19.75, source=11.8
MOTHERSON: ROCE anomaly | computed=48.09, source=13.7
MOTHERSON: ROE anomaly | computed=37.07, source=11.8
MOTHERSON: ROCE anomaly | computed=54.85, source=13.7
MOTHERSON: ROE anomaly | computed=38.87, source=11.8
MOTHERSON: ROCE anomaly | computed=55.44, source=13.7
MOTHERSON: ROE anomaly | computed=40.35, source=11.8
MOTHERSON: ROCE anomaly | computed=54.35, source=13.7
MOTHERSON: ROE anomaly | computed=26.26, source=11.8
MOTHERSON: ROCE anomaly | computed=38.18, source=13.7
MOTHERSON: ROE anomaly | computed=22.87, source=11.8
MOTHERSON: ROCE anomaly | computed=40.74, source=13.7
MOTHERSON: ROE anomaly | computed=19.14, source=11.8
MOTHERSON: ROCE anomaly | computed=38.52, source=13.7
MOTHERSON: ROCE anomaly | computed=32.91, source=13.7
MOTHERSON: ROCE anomaly | computed=30.31, source=13.7
MOTHERSON: ROE anomaly | computed=5.74, source=11.8
MOTHERSON: ROCE anomaly | computed=26.75, source=13.7
MOTHERSON: ROCE anomaly | computed=30.28, source=13.7
MOTHERSON: ROCE anomaly | computed=29.85, source=13.7
NAUKRI: ROE anomaly | computed=12.50, source=2.44
NAUKRI: ROCE anomaly | computed=22.23, source=3.65
NAUKRI: ROE anomaly | computed=8.93, source=2.44
NAUKRI: ROCE anomaly | computed=18.10, source=3.65
NAUKRI: ROE anomaly | computed=7.65, source=2.44
NAUKRI: ROCE anomaly | computed=13.49, source=3.65
NAUKRI: ROE anomaly | computed=-2.70, source=2.44
NAUKRI: ROE anomaly | computed=24.50, source=2.44
NAUKRI: ROCE anomaly | computed=21.73, source=3.65
NAUKRI: ROE anomaly | computed=23.28, source=2.44
NAUKRI: ROCE anomaly | computed=15.56, source=3.65
NAUKRI: ROE anomaly | computed=-11.21, source=2.44
NAUKRI: ROCE anomaly | computed=-1.52, source=3.65
NAUKRI: ROE anomaly | computed=26.28, source=2.44
NAUKRI: ROCE anomaly | computed=14.42, source=3.65
NAUKRI: ROE anomaly | computed=74.71, source=2.44
NAUKRI: ROCE anomaly | computed=34.72, source=3.65
NAUKRI: ROCE anomaly | computed=9.10, source=3.65
NESTLEIND: ROE anomaly | computed=47.17, source=135.61
NESTLEIND: ROCE anomaly | computed=50.69, source=185.43
NESTLEIND: ROE anomaly | computed=41.77, source=135.61
NESTLEIND: ROCE anomaly | computed=53.66, source=185.43
NESTLEIND: ROE anomaly | computed=19.99, source=135.61
NESTLEIND: ROCE anomaly | computed=38.62, source=185.43
NESTLEIND: ROE anomaly | computed=30.50, source=135.61
NESTLEIND: ROCE anomaly | computed=42.58, source=185.43
NESTLEIND: ROE anomaly | computed=35.82, source=135.61
NESTLEIND: ROCE anomaly | computed=44.96, source=185.43
NESTLEIND: ROE anomaly | computed=43.75, source=135.61
NESTLEIND: ROCE anomaly | computed=49.03, source=185.43
NESTLEIND: ROE anomaly | computed=102.61, source=135.61
NESTLEIND: ROCE anomaly | computed=76.31, source=185.43
NESTLEIND: ROE anomaly | computed=103.12, source=135.61
NESTLEIND: ROCE anomaly | computed=75.89, source=185.43
NESTLEIND: ROE anomaly | computed=108.84, source=135.61
NESTLEIND: ROCE anomaly | computed=79.94, source=185.43
NESTLEIND: ROE anomaly | computed=97.23, source=135.61
NESTLEIND: ROCE anomaly | computed=77.15, source=185.43
NESTLEIND: ROE anomaly | computed=121.96, source=135.61
NESTLEIND: ROCE anomaly | computed=91.13, source=185.43
NESTLEIND: ROE anomaly | computed=117.75, source=135.61
NESTLEIND: ROCE anomaly | computed=93.53, source=185.43
NHPC: ROCE anomaly | computed=21.69, source=7.67
NHPC: ROCE anomaly | computed=19.12, source=7.67
NHPC: ROCE anomaly | computed=21.47, source=7.67
NHPC: ROCE anomaly | computed=19.59, source=7.67
NHPC: ROCE anomaly | computed=21.22, source=7.67
NHPC: ROCE anomaly | computed=19.40, source=7.67
NHPC: ROCE anomaly | computed=19.78, source=7.67
NHPC: ROCE anomaly | computed=20.14, source=7.67
NHPC: ROCE anomaly | computed=20.12, source=7.67
NHPC: ROCE anomaly | computed=17.12, source=7.67
NHPC: ROCE anomaly | computed=21.07, source=7.67
NHPC: ROCE anomaly | computed=18.18, source=7.67
NTPC: ROCE anomaly | computed=19.77, source=10.58
NTPC: ROCE anomaly | computed=18.69, source=10.58
NTPC: ROCE anomaly | computed=16.96, source=10.58
NTPC: ROCE anomaly | computed=16.98, source=10.58
NTPC: ROCE anomaly | computed=17.01, source=10.58
NTPC: ROCE anomaly | computed=16.17, source=10.58
NTPC: ROCE anomaly | computed=15.85, source=10.58
NTPC: ROCE anomaly | computed=16.52, source=10.58
NTPC: ROCE anomaly | computed=17.40, source=10.58
NTPC: ROCE anomaly | computed=18.37, source=10.58
NTPC: ROCE anomaly | computed=18.71, source=10.58
NTPC: ROCE anomaly | computed=19.30, source=10.58
ONGC: ROCE anomaly | computed=25.00, source=19.71
ONGC: ROE anomaly | computed=6.62, source=14.32
ONGC: ROCE anomaly | computed=27.04, source=19.71
ONGC: ROE anomaly | computed=5.59, source=14.32
ONGC: ROCE anomaly | computed=27.56, source=19.71
ONGC: ROCE anomaly | computed=27.70, source=19.71
ONGC: ROCE anomaly | computed=26.94, source=19.71
PFC: High D/E suppressed (Financial sector)
PFC: ROCE anomaly | computed=17.25, source=9.96
PFC: High D/E suppressed (Financial sector)
PFC: ROCE anomaly | computed=18.03, source=9.96
PFC: High D/E suppressed (Financial sector)
PFC: ROCE anomaly | computed=17.10, source=9.96
PFC: High D/E suppressed (Financial sector)
PFC: ROCE anomaly | computed=16.48, source=9.96
PFC: High D/E suppressed (Financial sector)
PFC: ROE anomaly | computed=6.07, source=19.49
PFC: High D/E suppressed (Financial sector)
PFC: ROCE anomaly | computed=15.63, source=9.96
PFC: High D/E suppressed (Financial sector)
PFC: ROE anomaly | computed=26.82, source=19.49
PFC: ROCE anomaly | computed=19.33, source=9.96
PFC: High D/E suppressed (Financial sector)
PFC: High D/E suppressed (Financial sector)
PFC: ROE anomaly | computed=25.86, source=19.49
PFC: ROCE anomaly | computed=17.83, source=9.96
PFC: High D/E suppressed (Financial sector)
PFC: ROE anomaly | computed=26.18, source=19.49
PFC: ROCE anomaly | computed=18.74, source=9.96
PFC: High D/E suppressed (Financial sector)
PFC: ROE anomaly | computed=25.17, source=19.49
PFC: ROCE anomaly | computed=19.07, source=9.96
PFC: High D/E suppressed (Financial sector)
PFC: ROE anomaly | computed=26.16, source=19.49
PFC: ROCE anomaly | computed=20.09, source=9.96
PIDILITIND: ROCE anomaly | computed=40.90, source=29.7
PIDILITIND: ROCE anomaly | computed=41.25, source=29.7
PIDILITIND: ROCE anomaly | computed=41.13, source=29.7
PIDILITIND: ROE anomaly | computed=30.59, source=22.8
PIDILITIND: ROCE anomaly | computed=45.05, source=29.7
PIDILITIND: ROCE anomaly | computed=37.87, source=29.7
PIDILITIND: ROCE anomaly | computed=38.36, source=29.7
PIDILITIND: ROCE anomaly | computed=36.65, source=29.7
PIDILITIND: ROCE anomaly | computed=36.58, source=29.7
PNB: High D/E suppressed (Financial sector)
PNB: ROE anomaly | computed=812.30, source=8.7
PNB: High D/E suppressed (Financial sector)
PNB: ROE anomaly | computed=812.30, source=8.7
PNB: High D/E suppressed (Financial sector)
PNB: ROE anomaly | computed=812.30, source=8.7
PNB: High D/E suppressed (Financial sector)
PNB: ROE anomaly | computed=812.30, source=8.7
PNB: High D/E suppressed (Financial sector)
PNB: ROE anomaly | computed=812.30, source=8.7
PNB: High D/E suppressed (Financial sector)
PNB: ROE anomaly | computed=393.36, source=8.7
PNB: High D/E suppressed (Financial sector)
PNB: ROE anomaly | computed=393.36, source=8.7
PNB: High D/E suppressed (Financial sector)
PNB: ROE anomaly | computed=393.36, source=8.7
PNB: High D/E suppressed (Financial sector)
PNB: ROE anomaly | computed=393.36, source=8.7
PNB: High D/E suppressed (Financial sector)
PNB: ROE anomaly | computed=393.36, source=8.7
PNB: High D/E suppressed (Financial sector)
PNB: ROE anomaly | computed=223.24, source=8.7
PNB: High D/E suppressed (Financial sector)
PNB: ROE anomaly | computed=223.24, source=8.7
PNB: High D/E suppressed (Financial sector)
PNB: ROE anomaly | computed=223.24, source=8.7
PNB: High D/E suppressed (Financial sector)
PNB: ROE anomaly | computed=223.24, source=8.7
PNB: High D/E suppressed (Financial sector)
PNB: ROE anomaly | computed=223.24, source=8.7
PNB: High D/E suppressed (Financial sector)
PNB: ROE anomaly | computed=-163.56, source=8.7
PNB: High D/E suppressed (Financial sector)
PNB: ROE anomaly | computed=-163.56, source=8.7
PNB: High D/E suppressed (Financial sector)
PNB: ROE anomaly | computed=-163.56, source=8.7
PNB: High D/E suppressed (Financial sector)
PNB: ROE anomaly | computed=-163.56, source=8.7
PNB: High D/E suppressed (Financial sector)
PNB: ROE anomaly | computed=-163.56, source=8.7
PNB: High D/E suppressed (Financial sector)
PNB: ROE anomaly | computed=22.21, source=8.7
PNB: High D/E suppressed (Financial sector)
PNB: ROE anomaly | computed=22.21, source=8.7
PNB: High D/E suppressed (Financial sector)
PNB: ROE anomaly | computed=22.21, source=8.7
PNB: High D/E suppressed (Financial sector)
PNB: ROE anomaly | computed=22.21, source=8.7
PNB: High D/E suppressed (Financial sector)
PNB: ROE anomaly | computed=22.21, source=8.7
PNB: High D/E suppressed (Financial sector)
PNB: ROE anomaly | computed=-184.37, source=8.7
PNB: High D/E suppressed (Financial sector)
PNB: ROE anomaly | computed=-184.37, source=8.7
PNB: High D/E suppressed (Financial sector)
PNB: ROE anomaly | computed=-184.37, source=8.7
PNB: High D/E suppressed (Financial sector)
PNB: ROE anomaly | computed=-184.37, source=8.7
PNB: High D/E suppressed (Financial sector)
PNB: ROE anomaly | computed=-184.37, source=8.7
PNB: High D/E suppressed (Financial sector)
PNB: ROE anomaly | computed=-128.45, source=8.7
PNB: High D/E suppressed (Financial sector)
PNB: ROE anomaly | computed=-128.45, source=8.7
PNB: High D/E suppressed (Financial sector)
PNB: ROE anomaly | computed=-128.45, source=8.7
PNB: High D/E suppressed (Financial sector)
PNB: ROE anomaly | computed=-128.45, source=8.7
PNB: High D/E suppressed (Financial sector)
PNB: ROE anomaly | computed=-128.45, source=8.7
PNB: High D/E suppressed (Financial sector)
PNB: High D/E suppressed (Financial sector)
PNB: High D/E suppressed (Financial sector)
PNB: High D/E suppressed (Financial sector)
PNB: High D/E suppressed (Financial sector)
PNB: High D/E suppressed (Financial sector)
PNB: ROE anomaly | computed=30.39, source=8.7
PNB: High D/E suppressed (Financial sector)
PNB: ROE anomaly | computed=30.39, source=8.7
PNB: High D/E suppressed (Financial sector)
PNB: ROE anomaly | computed=30.39, source=8.7
PNB: High D/E suppressed (Financial sector)
PNB: ROE anomaly | computed=30.39, source=8.7
PNB: High D/E suppressed (Financial sector)
PNB: ROE anomaly | computed=30.39, source=8.7
PNB: High D/E suppressed (Financial sector)
PNB: ROE anomaly | computed=39.87, source=8.7
PNB: High D/E suppressed (Financial sector)
PNB: ROE anomaly | computed=39.87, source=8.7
PNB: High D/E suppressed (Financial sector)
PNB: ROE anomaly | computed=39.87, source=8.7
PNB: High D/E suppressed (Financial sector)
PNB: ROE anomaly | computed=39.87, source=8.7
PNB: High D/E suppressed (Financial sector)
PNB: ROE anomaly | computed=39.87, source=8.7
PNB: ROE anomaly | computed=30.67, source=8.7
PNB: ROE anomaly | computed=30.67, source=8.7
PNB: ROE anomaly | computed=30.67, source=8.7
PNB: ROE anomaly | computed=30.67, source=8.7
PNB: ROE anomaly | computed=30.67, source=8.7
PNB: ROE anomaly | computed=61.32, source=8.7
PNB: ROE anomaly | computed=61.32, source=8.7
PNB: ROE anomaly | computed=61.32, source=8.7
PNB: ROE anomaly | computed=61.32, source=8.7
PNB: ROE anomaly | computed=61.32, source=8.7
POWERGRID: ROCE anomaly | computed=28.74, source=13.2
POWERGRID: ROCE anomaly | computed=28.74, source=13.2
POWERGRID: ROE anomaly | computed=13.11, source=19.0
POWERGRID: ROCE anomaly | computed=27.63, source=13.2
POWERGRID: ROE anomaly | computed=13.11, source=19.0
POWERGRID: ROCE anomaly | computed=27.63, source=13.2
POWERGRID: ROE anomaly | computed=13.13, source=19.0
POWERGRID: ROCE anomaly | computed=28.05, source=13.2
POWERGRID: ROE anomaly | computed=13.13, source=19.0
POWERGRID: ROCE anomaly | computed=28.05, source=13.2
POWERGRID: ROE anomaly | computed=13.55, source=19.0
POWERGRID: ROCE anomaly | computed=29.06, source=13.2
POWERGRID: ROE anomaly | computed=13.55, source=19.0
POWERGRID: ROCE anomaly | computed=29.06, source=13.2
POWERGRID: ROCE anomaly | computed=29.70, source=13.2
POWERGRID: ROCE anomaly | computed=29.70, source=13.2
POWERGRID: ROCE anomaly | computed=29.60, source=13.2
POWERGRID: ROCE anomaly | computed=29.60, source=13.2
POWERGRID: ROCE anomaly | computed=27.97, source=13.2
POWERGRID: ROCE anomaly | computed=27.97, source=13.2
POWERGRID: ROCE anomaly | computed=30.71, source=13.2
POWERGRID: ROCE anomaly | computed=30.71, source=13.2
POWERGRID: ROCE anomaly | computed=31.14, source=13.2
POWERGRID: ROCE anomaly | computed=31.14, source=13.2
POWERGRID: ROCE anomaly | computed=32.56, source=13.2
POWERGRID: ROCE anomaly | computed=32.56, source=13.2
POWERGRID: ROCE anomaly | computed=31.81, source=13.2
POWERGRID: ROCE anomaly | computed=31.81, source=13.2
POWERGRID: ROCE anomaly | computed=31.63, source=13.2
POWERGRID: ROCE anomaly | computed=31.63, source=13.2
RECLTD: High D/E suppressed (Financial sector)
RECLTD: ROCE anomaly | computed=34.07, source=10.0
RECLTD: High D/E suppressed (Financial sector)
RECLTD: ROCE anomaly | computed=34.40, source=10.0
RECLTD: High D/E suppressed (Financial sector)
RECLTD: ROCE anomaly | computed=33.30, source=10.0
RECLTD: High D/E suppressed (Financial sector)
RECLTD: ROCE anomaly | computed=32.48, source=10.0
RECLTD: ROCE anomaly | computed=31.94, source=10.0
RECLTD: High D/E suppressed (Financial sector)
RECLTD: ROE anomaly | computed=13.66, source=22.2
RECLTD: ROCE anomaly | computed=27.92, source=10.0
RECLTD: High D/E suppressed (Financial sector)
RECLTD: ROE anomaly | computed=16.62, source=22.2
RECLTD: ROCE anomaly | computed=30.84, source=10.0
RECLTD: High D/E suppressed (Financial sector)
RECLTD: ROE anomaly | computed=14.05, source=22.2
RECLTD: ROCE anomaly | computed=28.32, source=10.0
RECLTD: High D/E suppressed (Financial sector)
RECLTD: ROCE anomaly | computed=31.16, source=10.0
RECLTD: High D/E suppressed (Financial sector)
RECLTD: ROCE anomaly | computed=30.68, source=10.0
RECLTD: High D/E suppressed (Financial sector)
RECLTD: ROCE anomaly | computed=32.24, source=10.0
RECLTD: High D/E suppressed (Financial sector)
RECLTD: ROCE anomaly | computed=34.06, source=10.0
RELIANCE: ROCE anomaly | computed=27.96, source=9.61
RELIANCE: ROCE anomaly | computed=26.20, source=9.61
RELIANCE: ROCE anomaly | computed=21.13, source=9.61
RELIANCE: ROCE anomaly | computed=17.45, source=9.61
RELIANCE: ROCE anomaly | computed=16.37, source=9.61
RELIANCE: ROCE anomaly | computed=18.05, source=9.61
RELIANCE: ROCE anomaly | computed=18.70, source=9.61
RELIANCE: ROCE anomaly | computed=17.11, source=9.61
RELIANCE: ROCE anomaly | computed=16.22, source=9.61
RELIANCE: ROCE anomaly | computed=18.60, source=9.61
RELIANCE: ROCE anomaly | computed=18.25, source=9.61
SBILIFE: ROE anomaly | computed=23.03, source=12.0
SBILIFE: ROE anomaly | computed=21.69, source=12.0
SBILIFE: ROE anomaly | computed=20.09, source=12.0
SBILIFE: ROE anomaly | computed=17.83, source=12.0
SBILIFE: ROE anomaly | computed=17.20, source=12.0
SBILIFE: ROE anomaly | computed=17.62, source=12.0
SBILIFE: ROE anomaly | computed=17.52, source=12.0
SHREECEM: ROE anomaly | computed=26.12, source=12.2
SHREECEM: ROCE anomaly | computed=33.94, source=14.8
SHREECEM: ROCE anomaly | computed=27.52, source=14.8
SHREECEM: ROCE anomaly | computed=23.85, source=14.8
SHREECEM: ROE anomaly | computed=17.39, source=12.2
SHREECEM: ROCE anomaly | computed=28.79, source=14.8
SHREECEM: ROCE anomaly | computed=24.72, source=14.8
SHREECEM: ROCE anomaly | computed=25.45, source=14.8
SHREECEM: ROCE anomaly | computed=24.33, source=14.8
SHREECEM: ROCE anomaly | computed=25.46, source=14.8
SHREECEM: ROCE anomaly | computed=21.36, source=14.8
SHREECEM: ROCE anomaly | computed=22.15, source=14.8
SHREECEM: ROCE anomaly | computed=23.13, source=14.8
SHRIRAMFIN: ROCE anomaly | computed=17.72, source=11.3
SHRIRAMFIN: High D/E suppressed (Financial sector)
SHRIRAMFIN: High D/E suppressed (Financial sector)
SHRIRAMFIN: ROCE anomaly | computed=16.34, source=11.3
SHRIRAMFIN: High D/E suppressed (Financial sector)
SHRIRAMFIN: High D/E suppressed (Financial sector)
SHRIRAMFIN: ROE anomaly | computed=10.43, source=15.9
SIEMENS: ROCE anomaly | computed=33.95, source=25.6
SIEMENS: ROE anomaly | computed=13.78, source=19.1
SIEMENS: ROE anomaly | computed=42.83, source=19.1
SIEMENS: ROCE anomaly | computed=35.43, source=25.6
SIEMENS: ROE anomaly | computed=10.86, source=19.1
SIEMENS: ROE anomaly | computed=12.14, source=19.1
SIEMENS: ROE anomaly | computed=8.10, source=19.1
SIEMENS: ROCE anomaly | computed=17.90, source=25.6
SIEMENS: ROE anomaly | computed=10.52, source=19.1
SIEMENS: ROE anomaly | computed=13.29, source=19.1
SUNPHARMA: ROE anomaly | computed=23.14, source=16.7
SUNPHARMA: ROCE anomaly | computed=29.77, source=17.3
SUNPHARMA: ROCE anomaly | computed=29.27, source=17.3
SUNPHARMA: ROCE anomaly | computed=25.92, source=17.3
SUNPHARMA: ROCE anomaly | computed=23.46, source=17.3
SUNPHARMA: ROCE anomaly | computed=25.83, source=17.3
SUNPHARMA: ROE anomaly | computed=6.63, source=16.7
SUNPHARMA: ROE anomaly | computed=7.75, source=16.7
SUNPHARMA: ROE anomaly | computed=9.22, source=16.7
SUNPHARMA: ROE anomaly | computed=4.89, source=16.7
SUNPHARMA: ROE anomaly | computed=7.06, source=16.7
SUNPHARMA: ROCE anomaly | computed=22.83, source=17.3
SUNPHARMA: ROCE anomaly | computed=23.36, source=17.3
TATACONSUM: ROCE anomaly | computed=22.57, source=10.6
TATACONSUM: ROCE anomaly | computed=21.10, source=10.6
TATACONSUM: ROCE anomaly | computed=21.12, source=10.6
TATACONSUM: ROE anomaly | computed=-0.59, source=8.32
TATACONSUM: ROCE anomaly | computed=19.66, source=10.6
TATACONSUM: ROCE anomaly | computed=18.87, source=10.6
TATACONSUM: ROCE anomaly | computed=18.22, source=10.6
TATACONSUM: ROCE anomaly | computed=17.04, source=10.6
TATACONSUM: ROCE anomaly | computed=17.60, source=10.6
TATACONSUM: ROCE anomaly | computed=18.32, source=10.6
TATACONSUM: ROCE anomaly | computed=17.31, source=10.6
TATAMOTORS: ROE anomaly | computed=26.51, source=49.4
TATAMOTORS: ROCE anomaly | computed=34.97, source=20.1
TATAMOTORS: ROE anomaly | computed=21.42, source=49.4
TATAMOTORS: ROCE anomaly | computed=32.56, source=20.1
TATAMOTORS: ROE anomaly | computed=25.01, source=49.4
TATAMOTORS: ROCE anomaly | computed=34.66, source=20.1
TATAMOTORS: ROE anomaly | computed=14.79, source=49.4
TATAMOTORS: ROCE anomaly | computed=29.44, source=20.1
TATAMOTORS: ROE anomaly | computed=13.02, source=49.4
TATAMOTORS: ROCE anomaly | computed=27.09, source=20.1
TATAMOTORS: ROE anomaly | computed=9.53, source=49.4
TATAMOTORS: ROE anomaly | computed=-47.73, source=49.4
TATAMOTORS: ROCE anomaly | computed=5.09, source=20.1
TATAMOTORS: ROE anomaly | computed=-18.98, source=49.4
TATAMOTORS: ROCE anomaly | computed=11.39, source=20.1
TATAMOTORS: ROE anomaly | computed=-24.25, source=49.4
TATAMOTORS: ROCE anomaly | computed=9.37, source=20.1
TATAMOTORS: ROE anomaly | computed=-25.38, source=49.4
TATAMOTORS: ROCE anomaly | computed=10.26, source=20.1
TATAMOTORS: ROE anomaly | computed=5.94, source=49.4
TATAMOTORS: ROE anomaly | computed=37.46, source=49.4
TATAMOTORS: ROCE anomaly | computed=40.21, source=20.1
TATAPOWER: ROE anomaly | computed=1.00, source=11.3
TATAPOWER: ROE anomaly | computed=0.10, source=11.3
TATAPOWER: ROE anomaly | computed=3.19, source=11.3
TATAPOWER: ROCE anomaly | computed=16.74, source=11.1
TATAPOWER: ROCE anomaly | computed=17.84, source=11.1
TATASTEEL: ROE anomaly | computed=-21.28, source=6.55
TATASTEEL: ROCE anomaly | computed=23.21, source=7.02
TATASTEEL: ROE anomaly | computed=-12.56, source=6.55
TATASTEEL: ROCE anomaly | computed=13.75, source=7.02
TATASTEEL: ROE anomaly | computed=-1.14, source=6.55
TATASTEEL: ROE anomaly | computed=-11.02, source=6.55
TATASTEEL: ROCE anomaly | computed=12.09, source=7.02
TATASTEEL: ROE anomaly | computed=29.15, source=6.55
TATASTEEL: ROCE anomaly | computed=26.36, source=7.02
TATASTEEL: ROE anomaly | computed=13.23, source=6.55
TATASTEEL: ROCE anomaly | computed=22.83, source=7.02
TATASTEEL: ROCE anomaly | computed=14.90, source=7.02
TATASTEEL: ROCE anomaly | computed=21.56, source=7.02
TATASTEEL: ROE anomaly | computed=36.48, source=6.55
TATASTEEL: ROCE anomaly | computed=36.55, source=7.02
TATASTEEL: ROCE anomaly | computed=23.11, source=7.02
TATASTEEL: ROE anomaly | computed=-5.33, source=6.55
TATASTEEL: ROCE anomaly | computed=17.58, source=7.02
TCS: ROE anomaly | computed=36.52, source=0.52
TCS: ROCE anomaly | computed=44.20, source=64.3
TCS: ROE anomaly | computed=39.30, source=0.52
TCS: ROCE anomaly | computed=45.92, source=64.3
TCS: ROE anomaly | computed=39.62, source=0.52
TCS: ROCE anomaly | computed=46.15, source=64.3
TCS: ROE anomaly | computed=34.24, source=0.52
TCS: ROCE anomaly | computed=43.66, source=64.3
TCS: ROE anomaly | computed=30.57, source=0.52
TCS: ROCE anomaly | computed=40.60, source=64.3
TCS: ROE anomaly | computed=30.40, source=0.52
TCS: ROCE anomaly | computed=40.66, source=64.3
TCS: ROE anomaly | computed=35.29, source=0.52
TCS: ROCE anomaly | computed=44.81, source=64.3
TCS: ROE anomaly | computed=38.57, source=0.52
TCS: ROCE anomaly | computed=46.34, source=64.3
TCS: ROE anomaly | computed=37.67, source=0.52
TCS: ROCE anomaly | computed=45.53, source=64.3
TCS: ROE anomaly | computed=43.13, source=0.52
TCS: ROCE anomaly | computed=49.23, source=64.3
TCS: ROE anomaly | computed=46.78, source=0.52
TCS: ROCE anomaly | computed=54.51, source=64.3
TCS: ROE anomaly | computed=50.94, source=0.52
TCS: ROCE anomaly | computed=57.62, source=64.3
TECHM: ROE anomaly | computed=24.09, source=8.63
TECHM: ROCE anomaly | computed=28.90, source=11.9
TECHM: ROE anomaly | computed=24.09, source=8.63
TECHM: ROCE anomaly | computed=28.90, source=11.9
TECHM: ROE anomaly | computed=33.35, source=8.63
TECHM: ROCE anomaly | computed=40.81, source=11.9
TECHM: ROE anomaly | computed=33.35, source=8.63
TECHM: ROCE anomaly | computed=40.81, source=11.9
TECHM: ROE anomaly | computed=21.71, source=8.63
TECHM: ROCE anomaly | computed=35.03, source=11.9
TECHM: ROE anomaly | computed=21.71, source=8.63
TECHM: ROCE anomaly | computed=35.03, source=11.9
TECHM: ROE anomaly | computed=20.75, source=8.63
TECHM: ROCE anomaly | computed=34.80, source=11.9
TECHM: ROE anomaly | computed=20.75, source=8.63
TECHM: ROCE anomaly | computed=34.80, source=11.9
TECHM: ROE anomaly | computed=17.35, source=8.63
TECHM: ROCE anomaly | computed=32.03, source=11.9
TECHM: ROE anomaly | computed=17.35, source=8.63
TECHM: ROCE anomaly | computed=32.03, source=11.9
TECHM: ROE anomaly | computed=20.09, source=8.63
TECHM: ROCE anomaly | computed=31.08, source=11.9
TECHM: ROE anomaly | computed=20.09, source=8.63
TECHM: ROCE anomaly | computed=31.08, source=11.9
TECHM: ROE anomaly | computed=21.14, source=8.63
TECHM: ROCE anomaly | computed=32.69, source=11.9
TECHM: ROE anomaly | computed=21.14, source=8.63
TECHM: ROCE anomaly | computed=32.69, source=11.9
TECHM: ROE anomaly | computed=17.87, source=8.63
TECHM: ROCE anomaly | computed=29.74, source=11.9
TECHM: ROE anomaly | computed=17.87, source=8.63
TECHM: ROCE anomaly | computed=29.74, source=11.9
TECHM: ROE anomaly | computed=17.51, source=8.63
TECHM: ROCE anomaly | computed=29.73, source=11.9
TECHM: ROE anomaly | computed=17.51, source=8.63
TECHM: ROCE anomaly | computed=29.73, source=11.9
TECHM: ROE anomaly | computed=20.94, source=8.63
TECHM: ROCE anomaly | computed=31.92, source=11.9
TECHM: ROE anomaly | computed=20.94, source=8.63
TECHM: ROCE anomaly | computed=31.92, source=11.9
TECHM: ROE anomaly | computed=17.39, source=8.63
TECHM: ROCE anomaly | computed=32.99, source=11.9
TECHM: ROE anomaly | computed=17.39, source=8.63
TECHM: ROCE anomaly | computed=32.99, source=11.9
TECHM: ROCE anomaly | computed=29.41, source=11.9
TECHM: ROCE anomaly | computed=29.41, source=11.9
TITAN: ROCE anomaly | computed=49.79, source=22.7
TITAN: ROCE anomaly | computed=48.35, source=22.7
TITAN: ROE anomaly | computed=26.46, source=32.9
TITAN: ROCE anomaly | computed=52.28, source=22.7
TITAN: ROE anomaly | computed=19.25, source=32.9
TITAN: ROCE anomaly | computed=44.38, source=22.7
TITAN: ROE anomaly | computed=16.47, source=32.9
TITAN: ROCE anomaly | computed=39.50, source=22.7
TITAN: ROE anomaly | computed=21.65, source=32.9
TITAN: ROCE anomaly | computed=43.99, source=22.7
TITAN: ROE anomaly | computed=22.88, source=32.9
TITAN: ROCE anomaly | computed=44.31, source=22.7
TITAN: ROE anomaly | computed=22.39, source=32.9
TITAN: ROCE anomaly | computed=41.85, source=22.7
TITAN: ROE anomaly | computed=12.99, source=32.9
TITAN: ROCE anomaly | computed=32.86, source=22.7
TITAN: ROE anomaly | computed=23.63, source=32.9
TITAN: ROCE anomaly | computed=38.36, source=22.7
TITAN: ROE anomaly | computed=27.63, source=32.9
TITAN: ROCE anomaly | computed=42.71, source=22.7
TITAN: ROCE anomaly | computed=48.00, source=22.7
TORNTPHARM: ROE anomaly | computed=30.59, source=24.2
TORNTPHARM: ROCE anomaly | computed=33.22, source=23.2
TORNTPHARM: ROE anomaly | computed=34.89, source=24.2
TORNTPHARM: ROCE anomaly | computed=34.55, source=23.2
TORNTPHARM: ROE anomaly | computed=30.15, source=24.2
TORNTPHARM: ROE anomaly | computed=49.60, source=24.2
TORNTPHARM: ROCE anomaly | computed=42.63, source=23.2
TORNTPHARM: ROE anomaly | computed=14.67, source=24.2
TORNTPHARM: ROE anomaly | computed=9.23, source=24.2
TORNTPHARM: ROE anomaly | computed=13.05, source=24.2
TORNTPHARM: ROCE anomaly | computed=31.09, source=23.2
TRENT: ROE anomaly | computed=-2.19, source=27.2
TRENT: ROCE anomaly | computed=18.59, source=23.8
TRENT: ROE anomaly | computed=-1.92, source=27.2
TRENT: ROE anomaly | computed=9.07, source=27.2
TRENT: ROE anomaly | computed=3.76, source=27.2
TRENT: ROCE anomaly | computed=18.28, source=23.8
TRENT: ROE anomaly | computed=5.49, source=27.2
TRENT: ROE anomaly | computed=5.45, source=27.2
TRENT: ROE anomaly | computed=5.77, source=27.2
TRENT: ROE anomaly | computed=4.44, source=27.2
TRENT: ROCE anomaly | computed=18.01, source=23.8
TRENT: ROE anomaly | computed=-7.83, source=27.2
TRENT: ROCE anomaly | computed=7.42, source=23.8
TRENT: ROE anomaly | computed=1.48, source=27.2
TRENT: ROCE anomaly | computed=15.47, source=23.8
TRENT: ROE anomaly | computed=15.18, source=27.2
TRENT: ROCE anomaly | computed=29.09, source=23.8
TRENT: ROE anomaly | computed=36.31, source=27.2
TRENT: ROCE anomaly | computed=51.25, source=23.8
INDIGO: ROCE anomaly | computed=13362.14, source=24.5
INDIGO: ROCE anomaly | computed=10147.05, source=24.5
INDIGO: ROCE anomaly | computed=6315.95, source=24.5
INDIGO: ROCE anomaly | computed=2204.21, source=24.5
INDIGO: ROCE anomaly | computed=2125.08, source=24.5
INDIGO: ROCE anomaly | computed=2456.66, source=24.5
INDIGO: ROCE anomaly | computed=1595.45, source=24.5
INDIGO: ROCE anomaly | computed=1668.26, source=24.5
INDIGO: ROCE anomaly | computed=3.10, source=24.5
INDIGO: ROCE anomaly | computed=571.11, source=24.5
INDIGO: ROCE anomaly | computed=1033.08, source=24.5
INDIGO: ROCE anomaly | computed=1459.20, source=24.5
